14.05.2025 17:19:46.424 [main] DEBUG  org.jboss.logging - Logging Provider: org.jboss.logging.Slf4jLoggerProvider
14.05.2025 17:19:46.439 [main] INFO   o.h.v.i.util.Version - HV000001: Hibernate Validator 8.0.1.Final
14.05.2025 17:19:46.455 [main] DEBUG  o.h.v.i.x.c.ValidationXmlParser - Trying to load META-INF/validation.xml for XML based Validator configuration.
14.05.2025 17:19:46.457 [main] DEBUG  o.h.v.i.x.c.ResourceLoaderHelper - Trying to load META-INF/validation.xml via TCCL
14.05.2025 17:19:46.458 [main] DEBUG  o.h.v.i.x.c.ResourceLoaderHelper - Trying to load META-INF/validation.xml via Hibernate Validator's class loader
14.05.2025 17:19:46.459 [main] DEBUG  o.h.v.i.x.c.ValidationXmlParser - No META-INF/validation.xml found. Using annotation based configuration only.
14.05.2025 17:19:46.468 [main] DEBUG  o.h.v.i.e.r.TraversableResolvers - Cannot find jakarta.persistence.Persistence on classpath. Assuming non JPA 2 environment. All properties will per default be traversable.
14.05.2025 17:19:46.533 [main] DEBUG  o.h.v.m.ResourceBundleMessageInterpolator - Loaded expression factory via original TCCL
14.05.2025 17:19:46.733 [main] DEBUG  o.h.v.i.e.ValidatorFactoryConfigurationHelper - HV000252: Using org.hibernate.validator.internal.engine.DefaultPropertyNodeNameProvider as property node name provider.
14.05.2025 17:19:46.742 [main] DEBUG  o.h.v.i.e.ValidatorFactoryConfigurationHelper - HV000234: Using org.hibernate.validator.messageinterpolation.ResourceBundleMessageInterpolator as ValidatorFactory-scoped message interpolator.
14.05.2025 17:19:46.742 [main] DEBUG  o.h.v.i.e.ValidatorFactoryConfigurationHelper - HV000234: Using org.hibernate.validator.internal.engine.resolver.TraverseAllTraversableResolver as ValidatorFactory-scoped traversable resolver.
14.05.2025 17:19:46.742 [main] DEBUG  o.h.v.i.e.ValidatorFactoryConfigurationHelper - HV000234: Using org.hibernate.validator.internal.util.ExecutableParameterNameProvider as ValidatorFactory-scoped parameter name provider.
14.05.2025 17:19:46.742 [main] DEBUG  o.h.v.i.e.ValidatorFactoryConfigurationHelper - HV000234: Using org.hibernate.validator.internal.engine.DefaultClockProvider as ValidatorFactory-scoped clock provider.
14.05.2025 17:19:46.743 [main] DEBUG  o.h.v.i.e.ValidatorFactoryConfigurationHelper - HV000234: Using org.hibernate.validator.internal.engine.scripting.DefaultScriptEvaluatorFactory as ValidatorFactory-scoped script evaluator factory.
14.05.2025 17:19:46.791 [main] INFO   server.Server - Сервер запущен на порту 5505
14.05.2025 17:19:58.185 [main] INFO   server.Server - Установлено соединение с клиентом /127.0.0.1:55865
14.05.2025 17:19:58.188 [main] INFO   server.Server - Установлено соединение с клиентом /127.0.0.1:55866
14.05.2025 17:19:58.200 [Thread-1] INFO   server.Server - Клиент /127.0.0.1:55865 отключился от сервера
14.05.2025 17:37:05.241 [main] DEBUG  org.jboss.logging - Logging Provider: org.jboss.logging.Slf4jLoggerProvider
14.05.2025 17:37:05.244 [main] INFO   o.h.v.i.util.Version - HV000001: Hibernate Validator 8.0.1.Final
14.05.2025 17:37:05.253 [main] DEBUG  o.h.v.i.x.c.ValidationXmlParser - Trying to load META-INF/validation.xml for XML based Validator configuration.
14.05.2025 17:37:05.255 [main] DEBUG  o.h.v.i.x.c.ResourceLoaderHelper - Trying to load META-INF/validation.xml via TCCL
14.05.2025 17:37:05.257 [main] DEBUG  o.h.v.i.x.c.ResourceLoaderHelper - Trying to load META-INF/validation.xml via Hibernate Validator's class loader
14.05.2025 17:37:05.258 [main] DEBUG  o.h.v.i.x.c.ValidationXmlParser - No META-INF/validation.xml found. Using annotation based configuration only.
14.05.2025 17:37:05.263 [main] DEBUG  o.h.v.i.e.r.TraversableResolvers - Cannot find jakarta.persistence.Persistence on classpath. Assuming non JPA 2 environment. All properties will per default be traversable.
14.05.2025 17:37:05.299 [main] DEBUG  o.h.v.m.ResourceBundleMessageInterpolator - Loaded expression factory via original TCCL
14.05.2025 17:37:05.451 [main] DEBUG  o.h.v.i.e.ValidatorFactoryConfigurationHelper - HV000252: Using org.hibernate.validator.internal.engine.DefaultPropertyNodeNameProvider as property node name provider.
14.05.2025 17:37:05.468 [main] DEBUG  o.h.v.i.e.ValidatorFactoryConfigurationHelper - HV000234: Using org.hibernate.validator.messageinterpolation.ResourceBundleMessageInterpolator as ValidatorFactory-scoped message interpolator.
14.05.2025 17:37:05.468 [main] DEBUG  o.h.v.i.e.ValidatorFactoryConfigurationHelper - HV000234: Using org.hibernate.validator.internal.engine.resolver.TraverseAllTraversableResolver as ValidatorFactory-scoped traversable resolver.
14.05.2025 17:37:05.468 [main] DEBUG  o.h.v.i.e.ValidatorFactoryConfigurationHelper - HV000234: Using org.hibernate.validator.internal.util.ExecutableParameterNameProvider as ValidatorFactory-scoped parameter name provider.
14.05.2025 17:37:05.468 [main] DEBUG  o.h.v.i.e.ValidatorFactoryConfigurationHelper - HV000234: Using org.hibernate.validator.internal.engine.DefaultClockProvider as ValidatorFactory-scoped clock provider.
14.05.2025 17:37:05.468 [main] DEBUG  o.h.v.i.e.ValidatorFactoryConfigurationHelper - HV000234: Using org.hibernate.validator.internal.engine.scripting.DefaultScriptEvaluatorFactory as ValidatorFactory-scoped script evaluator factory.
14.05.2025 17:37:05.507 [main] INFO   server.Server - Сервер запущен на порту 5505
14.05.2025 20:15:56.386 [main] DEBUG  org.jboss.logging - Logging Provider: org.jboss.logging.Slf4jLoggerProvider
14.05.2025 20:15:56.391 [main] INFO   o.h.v.i.util.Version - HV000001: Hibernate Validator 8.0.1.Final
14.05.2025 20:15:56.406 [main] DEBUG  o.h.v.i.x.c.ValidationXmlParser - Trying to load META-INF/validation.xml for XML based Validator configuration.
14.05.2025 20:15:56.408 [main] DEBUG  o.h.v.i.x.c.ResourceLoaderHelper - Trying to load META-INF/validation.xml via TCCL
14.05.2025 20:15:56.409 [main] DEBUG  o.h.v.i.x.c.ResourceLoaderHelper - Trying to load META-INF/validation.xml via Hibernate Validator's class loader
14.05.2025 20:15:56.410 [main] DEBUG  o.h.v.i.x.c.ValidationXmlParser - No META-INF/validation.xml found. Using annotation based configuration only.
14.05.2025 20:15:56.417 [main] DEBUG  o.h.v.i.e.r.TraversableResolvers - Cannot find jakarta.persistence.Persistence on classpath. Assuming non JPA 2 environment. All properties will per default be traversable.
14.05.2025 20:15:56.461 [main] DEBUG  o.h.v.m.ResourceBundleMessageInterpolator - Loaded expression factory via original TCCL
14.05.2025 20:15:56.634 [main] DEBUG  o.h.v.i.e.ValidatorFactoryConfigurationHelper - HV000252: Using org.hibernate.validator.internal.engine.DefaultPropertyNodeNameProvider as property node name provider.
14.05.2025 20:15:56.643 [main] DEBUG  o.h.v.i.e.ValidatorFactoryConfigurationHelper - HV000234: Using org.hibernate.validator.messageinterpolation.ResourceBundleMessageInterpolator as ValidatorFactory-scoped message interpolator.
14.05.2025 20:15:56.643 [main] DEBUG  o.h.v.i.e.ValidatorFactoryConfigurationHelper - HV000234: Using org.hibernate.validator.internal.engine.resolver.TraverseAllTraversableResolver as ValidatorFactory-scoped traversable resolver.
14.05.2025 20:15:56.644 [main] DEBUG  o.h.v.i.e.ValidatorFactoryConfigurationHelper - HV000234: Using org.hibernate.validator.internal.util.ExecutableParameterNameProvider as ValidatorFactory-scoped parameter name provider.
14.05.2025 20:15:56.644 [main] DEBUG  o.h.v.i.e.ValidatorFactoryConfigurationHelper - HV000234: Using org.hibernate.validator.internal.engine.DefaultClockProvider as ValidatorFactory-scoped clock provider.
14.05.2025 20:15:56.644 [main] DEBUG  o.h.v.i.e.ValidatorFactoryConfigurationHelper - HV000234: Using org.hibernate.validator.internal.engine.scripting.DefaultScriptEvaluatorFactory as ValidatorFactory-scoped script evaluator factory.
14.05.2025 20:15:56.696 [main] INFO   server.Server - Сервер запущен на порту 5505
14.05.2025 20:16:03.649 [main] INFO   server.Server - Установлено соединение с клиентом /127.0.0.1:59640
14.05.2025 20:16:17.843 [Thread-1] INFO   server.Server - Клиент /127.0.0.1:59640 отключился от сервера
14.05.2025 21:41:46.193 [main] DEBUG  org.jboss.logging - Logging Provider: org.jboss.logging.Slf4jLoggerProvider
14.05.2025 21:41:46.199 [main] INFO   o.h.v.i.util.Version - HV000001: Hibernate Validator 8.0.1.Final
14.05.2025 21:41:46.214 [main] DEBUG  o.h.v.i.x.c.ValidationXmlParser - Trying to load META-INF/validation.xml for XML based Validator configuration.
14.05.2025 21:41:46.217 [main] DEBUG  o.h.v.i.x.c.ResourceLoaderHelper - Trying to load META-INF/validation.xml via TCCL
14.05.2025 21:41:46.218 [main] DEBUG  o.h.v.i.x.c.ResourceLoaderHelper - Trying to load META-INF/validation.xml via Hibernate Validator's class loader
14.05.2025 21:41:46.219 [main] DEBUG  o.h.v.i.x.c.ValidationXmlParser - No META-INF/validation.xml found. Using annotation based configuration only.
14.05.2025 21:41:46.228 [main] DEBUG  o.h.v.i.e.r.TraversableResolvers - Cannot find jakarta.persistence.Persistence on classpath. Assuming non JPA 2 environment. All properties will per default be traversable.
14.05.2025 21:41:46.278 [main] DEBUG  o.h.v.m.ResourceBundleMessageInterpolator - Loaded expression factory via original TCCL
14.05.2025 21:41:46.456 [main] DEBUG  o.h.v.i.e.ValidatorFactoryConfigurationHelper - HV000252: Using org.hibernate.validator.internal.engine.DefaultPropertyNodeNameProvider as property node name provider.
14.05.2025 21:41:46.463 [main] DEBUG  o.h.v.i.e.ValidatorFactoryConfigurationHelper - HV000234: Using org.hibernate.validator.messageinterpolation.ResourceBundleMessageInterpolator as ValidatorFactory-scoped message interpolator.
14.05.2025 21:41:46.463 [main] DEBUG  o.h.v.i.e.ValidatorFactoryConfigurationHelper - HV000234: Using org.hibernate.validator.internal.engine.resolver.TraverseAllTraversableResolver as ValidatorFactory-scoped traversable resolver.
14.05.2025 21:41:46.463 [main] DEBUG  o.h.v.i.e.ValidatorFactoryConfigurationHelper - HV000234: Using org.hibernate.validator.internal.util.ExecutableParameterNameProvider as ValidatorFactory-scoped parameter name provider.
14.05.2025 21:41:46.464 [main] DEBUG  o.h.v.i.e.ValidatorFactoryConfigurationHelper - HV000234: Using org.hibernate.validator.internal.engine.DefaultClockProvider as ValidatorFactory-scoped clock provider.
14.05.2025 21:41:46.464 [main] DEBUG  o.h.v.i.e.ValidatorFactoryConfigurationHelper - HV000234: Using org.hibernate.validator.internal.engine.scripting.DefaultScriptEvaluatorFactory as ValidatorFactory-scoped script evaluator factory.
14.05.2025 21:41:46.501 [main] INFO   server.Server - Сервер запущен на порту 5505
14.05.2025 21:41:51.640 [main] INFO   server.Server - Установлено соединение с клиентом /127.0.0.1:61273
14.05.2025 21:42:01.432 [main] INFO   server.Server - Установлено соединение с клиентом /127.0.0.1:61280
14.05.2025 21:42:01.433 [main] INFO   server.Server - Установлено соединение с клиентом /127.0.0.1:61281
14.05.2025 21:42:01.440 [Thread-2] INFO   server.Server - Клиент /127.0.0.1:61280 отключился от сервера
14.05.2025 21:42:06.939 [Thread-3] INFO   server.Server - Клиент /127.0.0.1:61281 отключился от сервера
14.05.2025 21:42:18.366 [main] INFO   server.Server - Установлено соединение с клиентом /127.0.0.1:61288
14.05.2025 21:42:24.683 [Thread-4] INFO   server.Server - Клиент /127.0.0.1:61288 отключился от сервера
14.05.2025 21:43:18.688 [main] INFO   server.Server - Установлено соединение с клиентом /127.0.0.1:61319
14.05.2025 21:43:26.223 [main] INFO   server.Server - Установлено соединение с клиентом /127.0.0.1:61326
14.05.2025 21:43:26.224 [main] INFO   server.Server - Установлено соединение с клиентом /127.0.0.1:61327
14.05.2025 21:43:26.231 [Thread-6] INFO   server.Server - Клиент /127.0.0.1:61326 отключился от сервера
14.05.2025 21:43:31.740 [Thread-7] INFO   server.Server - Клиент /127.0.0.1:61327 отключился от сервера
14.05.2025 21:43:38.692 [main] INFO   server.Server - Установлено соединение с клиентом /127.0.0.1:61337
14.05.2025 21:43:42.545 [main] INFO   server.Server - Установлено соединение с клиентом /127.0.0.1:61342
14.05.2025 21:43:42.546 [main] INFO   server.Server - Установлено соединение с клиентом /127.0.0.1:61343
14.05.2025 21:43:42.551 [Thread-9] INFO   server.Server - Клиент /127.0.0.1:61342 отключился от сервера
14.05.2025 21:43:48.069 [Thread-10] INFO   server.Server - Клиент /127.0.0.1:61343 отключился от сервера
14.05.2025 21:47:53.916 [main] INFO   server.Server - Установлено соединение с клиентом /127.0.0.1:61476
14.05.2025 23:02:37.476 [Thread-11] INFO   server.Server - Клиент /127.0.0.1:61476 отключился от сервера
14.05.2025 23:02:43.184 [main] INFO   server.Server - Установлено соединение с клиентом /127.0.0.1:63128
14.05.2025 23:02:51.065 [Thread-12] INFO   server.Server - Клиент /127.0.0.1:63128 отключился от сервера
14.05.2025 23:11:43.309 [main] INFO   server.Server - Установлено соединение с клиентом /127.0.0.1:63366
14.05.2025 23:11:49.629 [main] INFO   server.Server - Установлено соединение с клиентом /127.0.0.1:63370
14.05.2025 23:11:49.629 [main] INFO   server.Server - Установлено соединение с клиентом /127.0.0.1:63371
14.05.2025 23:11:50.283 [Thread-14] INFO   server.Server - Клиент /127.0.0.1:63370 отключился от сервера
14.05.2025 23:11:55.056 [Thread-15] INFO   server.Server - Клиент /127.0.0.1:63371 отключился от сервера
14.05.2025 23:11:56.091 [main] INFO   server.Server - Установлено соединение с клиентом /127.0.0.1:63378
14.05.2025 23:12:04.160 [Thread-16] INFO   server.Server - Клиент /127.0.0.1:63378 отключился от сервера
14.05.2025 23:15:44.384 [main] INFO   server.Server - Установлено соединение с клиентом /127.0.0.1:63460
14.05.2025 23:15:48.901 [Thread-17] INFO   server.Server - Клиент /127.0.0.1:63460 отключился от сервера
14.05.2025 23:16:05.068 [main] DEBUG  org.jboss.logging - Logging Provider: org.jboss.logging.Slf4jLoggerProvider
14.05.2025 23:16:05.072 [main] INFO   o.h.v.i.util.Version - HV000001: Hibernate Validator 8.0.1.Final
14.05.2025 23:16:05.081 [main] DEBUG  o.h.v.i.x.c.ValidationXmlParser - Trying to load META-INF/validation.xml for XML based Validator configuration.
14.05.2025 23:16:05.082 [main] DEBUG  o.h.v.i.x.c.ResourceLoaderHelper - Trying to load META-INF/validation.xml via TCCL
14.05.2025 23:16:05.083 [main] DEBUG  o.h.v.i.x.c.ResourceLoaderHelper - Trying to load META-INF/validation.xml via Hibernate Validator's class loader
14.05.2025 23:16:05.084 [main] DEBUG  o.h.v.i.x.c.ValidationXmlParser - No META-INF/validation.xml found. Using annotation based configuration only.
14.05.2025 23:16:05.089 [main] DEBUG  o.h.v.i.e.r.TraversableResolvers - Cannot find jakarta.persistence.Persistence on classpath. Assuming non JPA 2 environment. All properties will per default be traversable.
14.05.2025 23:16:05.125 [main] DEBUG  o.h.v.m.ResourceBundleMessageInterpolator - Loaded expression factory via original TCCL
14.05.2025 23:16:05.342 [main] DEBUG  o.h.v.i.e.ValidatorFactoryConfigurationHelper - HV000252: Using org.hibernate.validator.internal.engine.DefaultPropertyNodeNameProvider as property node name provider.
14.05.2025 23:16:05.356 [main] DEBUG  o.h.v.i.e.ValidatorFactoryConfigurationHelper - HV000234: Using org.hibernate.validator.messageinterpolation.ResourceBundleMessageInterpolator as ValidatorFactory-scoped message interpolator.
14.05.2025 23:16:05.357 [main] DEBUG  o.h.v.i.e.ValidatorFactoryConfigurationHelper - HV000234: Using org.hibernate.validator.internal.engine.resolver.TraverseAllTraversableResolver as ValidatorFactory-scoped traversable resolver.
14.05.2025 23:16:05.357 [main] DEBUG  o.h.v.i.e.ValidatorFactoryConfigurationHelper - HV000234: Using org.hibernate.validator.internal.util.ExecutableParameterNameProvider as ValidatorFactory-scoped parameter name provider.
14.05.2025 23:16:05.357 [main] DEBUG  o.h.v.i.e.ValidatorFactoryConfigurationHelper - HV000234: Using org.hibernate.validator.internal.engine.DefaultClockProvider as ValidatorFactory-scoped clock provider.
14.05.2025 23:16:05.358 [main] DEBUG  o.h.v.i.e.ValidatorFactoryConfigurationHelper - HV000234: Using org.hibernate.validator.internal.engine.scripting.DefaultScriptEvaluatorFactory as ValidatorFactory-scoped script evaluator factory.
14.05.2025 23:16:05.450 [main] INFO   server.Server - Сервер запущен на порту 5505
14.05.2025 23:16:06.782 [main] INFO   server.Server - Установлено соединение с клиентом /127.0.0.1:63481
14.05.2025 23:16:11.198 [Thread-1] INFO   server.Server - Клиент /127.0.0.1:63481 отключился от сервера
14.05.2025 23:16:44.453 [main] DEBUG  org.jboss.logging - Logging Provider: org.jboss.logging.Slf4jLoggerProvider
14.05.2025 23:16:44.458 [main] INFO   o.h.v.i.util.Version - HV000001: Hibernate Validator 8.0.1.Final
14.05.2025 23:16:44.475 [main] DEBUG  o.h.v.i.x.c.ValidationXmlParser - Trying to load META-INF/validation.xml for XML based Validator configuration.
14.05.2025 23:16:44.478 [main] DEBUG  o.h.v.i.x.c.ResourceLoaderHelper - Trying to load META-INF/validation.xml via TCCL
14.05.2025 23:16:44.479 [main] DEBUG  o.h.v.i.x.c.ResourceLoaderHelper - Trying to load META-INF/validation.xml via Hibernate Validator's class loader
14.05.2025 23:16:44.480 [main] DEBUG  o.h.v.i.x.c.ValidationXmlParser - No META-INF/validation.xml found. Using annotation based configuration only.
14.05.2025 23:16:44.489 [main] DEBUG  o.h.v.i.e.r.TraversableResolvers - Cannot find jakarta.persistence.Persistence on classpath. Assuming non JPA 2 environment. All properties will per default be traversable.
14.05.2025 23:16:44.540 [main] DEBUG  o.h.v.m.ResourceBundleMessageInterpolator - Loaded expression factory via original TCCL
14.05.2025 23:16:44.748 [main] DEBUG  o.h.v.i.e.ValidatorFactoryConfigurationHelper - HV000252: Using org.hibernate.validator.internal.engine.DefaultPropertyNodeNameProvider as property node name provider.
14.05.2025 23:16:44.758 [main] DEBUG  o.h.v.i.e.ValidatorFactoryConfigurationHelper - HV000234: Using org.hibernate.validator.messageinterpolation.ResourceBundleMessageInterpolator as ValidatorFactory-scoped message interpolator.
14.05.2025 23:16:44.758 [main] DEBUG  o.h.v.i.e.ValidatorFactoryConfigurationHelper - HV000234: Using org.hibernate.validator.internal.engine.resolver.TraverseAllTraversableResolver as ValidatorFactory-scoped traversable resolver.
14.05.2025 23:16:44.758 [main] DEBUG  o.h.v.i.e.ValidatorFactoryConfigurationHelper - HV000234: Using org.hibernate.validator.internal.util.ExecutableParameterNameProvider as ValidatorFactory-scoped parameter name provider.
14.05.2025 23:16:44.758 [main] DEBUG  o.h.v.i.e.ValidatorFactoryConfigurationHelper - HV000234: Using org.hibernate.validator.internal.engine.DefaultClockProvider as ValidatorFactory-scoped clock provider.
14.05.2025 23:16:44.759 [main] DEBUG  o.h.v.i.e.ValidatorFactoryConfigurationHelper - HV000234: Using org.hibernate.validator.internal.engine.scripting.DefaultScriptEvaluatorFactory as ValidatorFactory-scoped script evaluator factory.
14.05.2025 23:16:44.816 [main] INFO   server.Server - Сервер запущен на порту 5505
14.05.2025 23:17:58.984 [main] DEBUG  org.jboss.logging - Logging Provider: org.jboss.logging.Slf4jLoggerProvider
14.05.2025 23:17:58.989 [main] INFO   o.h.v.i.util.Version - HV000001: Hibernate Validator 8.0.1.Final
14.05.2025 23:17:59.001 [main] DEBUG  o.h.v.i.x.c.ValidationXmlParser - Trying to load META-INF/validation.xml for XML based Validator configuration.
14.05.2025 23:17:59.003 [main] DEBUG  o.h.v.i.x.c.ResourceLoaderHelper - Trying to load META-INF/validation.xml via TCCL
14.05.2025 23:17:59.004 [main] DEBUG  o.h.v.i.x.c.ResourceLoaderHelper - Trying to load META-INF/validation.xml via Hibernate Validator's class loader
14.05.2025 23:17:59.005 [main] DEBUG  o.h.v.i.x.c.ValidationXmlParser - No META-INF/validation.xml found. Using annotation based configuration only.
14.05.2025 23:17:59.012 [main] DEBUG  o.h.v.i.e.r.TraversableResolvers - Cannot find jakarta.persistence.Persistence on classpath. Assuming non JPA 2 environment. All properties will per default be traversable.
14.05.2025 23:17:59.052 [main] DEBUG  o.h.v.m.ResourceBundleMessageInterpolator - Loaded expression factory via original TCCL
14.05.2025 23:17:59.214 [main] DEBUG  o.h.v.i.e.ValidatorFactoryConfigurationHelper - HV000252: Using org.hibernate.validator.internal.engine.DefaultPropertyNodeNameProvider as property node name provider.
14.05.2025 23:17:59.221 [main] DEBUG  o.h.v.i.e.ValidatorFactoryConfigurationHelper - HV000234: Using org.hibernate.validator.messageinterpolation.ResourceBundleMessageInterpolator as ValidatorFactory-scoped message interpolator.
14.05.2025 23:17:59.221 [main] DEBUG  o.h.v.i.e.ValidatorFactoryConfigurationHelper - HV000234: Using org.hibernate.validator.internal.engine.resolver.TraverseAllTraversableResolver as ValidatorFactory-scoped traversable resolver.
14.05.2025 23:17:59.222 [main] DEBUG  o.h.v.i.e.ValidatorFactoryConfigurationHelper - HV000234: Using org.hibernate.validator.internal.util.ExecutableParameterNameProvider as ValidatorFactory-scoped parameter name provider.
14.05.2025 23:17:59.222 [main] DEBUG  o.h.v.i.e.ValidatorFactoryConfigurationHelper - HV000234: Using org.hibernate.validator.internal.engine.DefaultClockProvider as ValidatorFactory-scoped clock provider.
14.05.2025 23:17:59.222 [main] DEBUG  o.h.v.i.e.ValidatorFactoryConfigurationHelper - HV000234: Using org.hibernate.validator.internal.engine.scripting.DefaultScriptEvaluatorFactory as ValidatorFactory-scoped script evaluator factory.
14.05.2025 23:17:59.261 [main] INFO   server.Server - Сервер запущен на порту 5505
14.05.2025 23:18:03.156 [main] INFO   server.Server - Установлено соединение с клиентом /127.0.0.1:63558
14.05.2025 23:18:08.494 [Thread-1] INFO   server.Server - Клиент /127.0.0.1:63558 отключился от сервера
14.05.2025 23:18:40.348 [main] DEBUG  org.jboss.logging - Logging Provider: org.jboss.logging.Slf4jLoggerProvider
14.05.2025 23:18:40.352 [main] INFO   o.h.v.i.util.Version - HV000001: Hibernate Validator 8.0.1.Final
14.05.2025 23:18:40.363 [main] DEBUG  o.h.v.i.x.c.ValidationXmlParser - Trying to load META-INF/validation.xml for XML based Validator configuration.
14.05.2025 23:18:40.365 [main] DEBUG  o.h.v.i.x.c.ResourceLoaderHelper - Trying to load META-INF/validation.xml via TCCL
14.05.2025 23:18:40.366 [main] DEBUG  o.h.v.i.x.c.ResourceLoaderHelper - Trying to load META-INF/validation.xml via Hibernate Validator's class loader
14.05.2025 23:18:40.366 [main] DEBUG  o.h.v.i.x.c.ValidationXmlParser - No META-INF/validation.xml found. Using annotation based configuration only.
14.05.2025 23:18:40.372 [main] DEBUG  o.h.v.i.e.r.TraversableResolvers - Cannot find jakarta.persistence.Persistence on classpath. Assuming non JPA 2 environment. All properties will per default be traversable.
14.05.2025 23:18:40.411 [main] DEBUG  o.h.v.m.ResourceBundleMessageInterpolator - Loaded expression factory via original TCCL
14.05.2025 23:18:40.572 [main] DEBUG  o.h.v.i.e.ValidatorFactoryConfigurationHelper - HV000252: Using org.hibernate.validator.internal.engine.DefaultPropertyNodeNameProvider as property node name provider.
14.05.2025 23:18:40.582 [main] DEBUG  o.h.v.i.e.ValidatorFactoryConfigurationHelper - HV000234: Using org.hibernate.validator.messageinterpolation.ResourceBundleMessageInterpolator as ValidatorFactory-scoped message interpolator.
14.05.2025 23:18:40.582 [main] DEBUG  o.h.v.i.e.ValidatorFactoryConfigurationHelper - HV000234: Using org.hibernate.validator.internal.engine.resolver.TraverseAllTraversableResolver as ValidatorFactory-scoped traversable resolver.
14.05.2025 23:18:40.582 [main] DEBUG  o.h.v.i.e.ValidatorFactoryConfigurationHelper - HV000234: Using org.hibernate.validator.internal.util.ExecutableParameterNameProvider as ValidatorFactory-scoped parameter name provider.
14.05.2025 23:18:40.582 [main] DEBUG  o.h.v.i.e.ValidatorFactoryConfigurationHelper - HV000234: Using org.hibernate.validator.internal.engine.DefaultClockProvider as ValidatorFactory-scoped clock provider.
14.05.2025 23:18:40.582 [main] DEBUG  o.h.v.i.e.ValidatorFactoryConfigurationHelper - HV000234: Using org.hibernate.validator.internal.engine.scripting.DefaultScriptEvaluatorFactory as ValidatorFactory-scoped script evaluator factory.
14.05.2025 23:18:40.619 [main] INFO   server.Server - Сервер запущен на порту 5505
14.05.2025 23:18:52.643 [main] INFO   server.Server - Установлено соединение с клиентом /127.0.0.1:63588
14.05.2025 23:18:59.226 [Thread-1] INFO   server.Server - Клиент /127.0.0.1:63588 отключился от сервера
14.05.2025 23:20:18.747 [main] DEBUG  org.jboss.logging - Logging Provider: org.jboss.logging.Slf4jLoggerProvider
14.05.2025 23:20:18.759 [main] INFO   o.h.v.i.util.Version - HV000001: Hibernate Validator 8.0.1.Final
14.05.2025 23:20:18.814 [main] DEBUG  o.h.v.i.x.c.ValidationXmlParser - Trying to load META-INF/validation.xml for XML based Validator configuration.
14.05.2025 23:20:18.821 [main] DEBUG  o.h.v.i.x.c.ResourceLoaderHelper - Trying to load META-INF/validation.xml via TCCL
14.05.2025 23:20:18.830 [main] DEBUG  o.h.v.i.x.c.ResourceLoaderHelper - Trying to load META-INF/validation.xml via Hibernate Validator's class loader
14.05.2025 23:20:18.833 [main] DEBUG  o.h.v.i.x.c.ValidationXmlParser - No META-INF/validation.xml found. Using annotation based configuration only.
14.05.2025 23:20:18.856 [main] DEBUG  o.h.v.i.e.r.TraversableResolvers - Cannot find jakarta.persistence.Persistence on classpath. Assuming non JPA 2 environment. All properties will per default be traversable.
14.05.2025 23:20:19.013 [main] DEBUG  o.h.v.m.ResourceBundleMessageInterpolator - Loaded expression factory via original TCCL
14.05.2025 23:20:19.888 [main] DEBUG  o.h.v.i.e.ValidatorFactoryConfigurationHelper - HV000252: Using org.hibernate.validator.internal.engine.DefaultPropertyNodeNameProvider as property node name provider.
14.05.2025 23:20:19.937 [main] DEBUG  o.h.v.i.e.ValidatorFactoryConfigurationHelper - HV000234: Using org.hibernate.validator.messageinterpolation.ResourceBundleMessageInterpolator as ValidatorFactory-scoped message interpolator.
14.05.2025 23:20:19.938 [main] DEBUG  o.h.v.i.e.ValidatorFactoryConfigurationHelper - HV000234: Using org.hibernate.validator.internal.engine.resolver.TraverseAllTraversableResolver as ValidatorFactory-scoped traversable resolver.
14.05.2025 23:20:19.939 [main] DEBUG  o.h.v.i.e.ValidatorFactoryConfigurationHelper - HV000234: Using org.hibernate.validator.internal.util.ExecutableParameterNameProvider as ValidatorFactory-scoped parameter name provider.
14.05.2025 23:20:19.939 [main] DEBUG  o.h.v.i.e.ValidatorFactoryConfigurationHelper - HV000234: Using org.hibernate.validator.internal.engine.DefaultClockProvider as ValidatorFactory-scoped clock provider.
14.05.2025 23:20:19.940 [main] DEBUG  o.h.v.i.e.ValidatorFactoryConfigurationHelper - HV000234: Using org.hibernate.validator.internal.engine.scripting.DefaultScriptEvaluatorFactory as ValidatorFactory-scoped script evaluator factory.
14.05.2025 23:20:20.096 [main] INFO   server.Server - Сервер запущен на порту 5505
14.05.2025 23:23:55.948 [main] INFO   server.Server - Установлено соединение с клиентом /127.0.0.1:63675
14.05.2025 23:24:14.563 [main] DEBUG  org.jboss.logging - Logging Provider: org.jboss.logging.Slf4jLoggerProvider
14.05.2025 23:24:14.569 [main] INFO   o.h.v.i.util.Version - HV000001: Hibernate Validator 8.0.1.Final
14.05.2025 23:24:14.583 [main] DEBUG  o.h.v.i.x.c.ValidationXmlParser - Trying to load META-INF/validation.xml for XML based Validator configuration.
14.05.2025 23:24:14.586 [main] DEBUG  o.h.v.i.x.c.ResourceLoaderHelper - Trying to load META-INF/validation.xml via TCCL
14.05.2025 23:24:14.587 [main] DEBUG  o.h.v.i.x.c.ResourceLoaderHelper - Trying to load META-INF/validation.xml via Hibernate Validator's class loader
14.05.2025 23:24:14.588 [main] DEBUG  o.h.v.i.x.c.ValidationXmlParser - No META-INF/validation.xml found. Using annotation based configuration only.
14.05.2025 23:24:14.598 [main] DEBUG  o.h.v.i.e.r.TraversableResolvers - Cannot find jakarta.persistence.Persistence on classpath. Assuming non JPA 2 environment. All properties will per default be traversable.
14.05.2025 23:24:14.676 [main] DEBUG  o.h.v.m.ResourceBundleMessageInterpolator - Loaded expression factory via original TCCL
14.05.2025 23:24:14.885 [main] DEBUG  o.h.v.i.e.ValidatorFactoryConfigurationHelper - HV000252: Using org.hibernate.validator.internal.engine.DefaultPropertyNodeNameProvider as property node name provider.
14.05.2025 23:24:14.898 [main] DEBUG  o.h.v.i.e.ValidatorFactoryConfigurationHelper - HV000234: Using org.hibernate.validator.messageinterpolation.ResourceBundleMessageInterpolator as ValidatorFactory-scoped message interpolator.
14.05.2025 23:24:14.899 [main] DEBUG  o.h.v.i.e.ValidatorFactoryConfigurationHelper - HV000234: Using org.hibernate.validator.internal.engine.resolver.TraverseAllTraversableResolver as ValidatorFactory-scoped traversable resolver.
14.05.2025 23:24:14.900 [main] DEBUG  o.h.v.i.e.ValidatorFactoryConfigurationHelper - HV000234: Using org.hibernate.validator.internal.util.ExecutableParameterNameProvider as ValidatorFactory-scoped parameter name provider.
14.05.2025 23:24:14.900 [main] DEBUG  o.h.v.i.e.ValidatorFactoryConfigurationHelper - HV000234: Using org.hibernate.validator.internal.engine.DefaultClockProvider as ValidatorFactory-scoped clock provider.
14.05.2025 23:24:14.901 [main] DEBUG  o.h.v.i.e.ValidatorFactoryConfigurationHelper - HV000234: Using org.hibernate.validator.internal.engine.scripting.DefaultScriptEvaluatorFactory as ValidatorFactory-scoped script evaluator factory.
14.05.2025 23:24:14.957 [main] INFO   server.Server - Сервер запущен на порту 5505
14.05.2025 23:24:15.671 [main] INFO   server.Server - Установлено соединение с клиентом /127.0.0.1:63802
14.05.2025 23:24:18.918 [Thread-1] INFO   server.Server - Клиент /127.0.0.1:63802 отключился от сервера
14.05.2025 23:27:15.307 [main] DEBUG  org.jboss.logging - Logging Provider: org.jboss.logging.Slf4jLoggerProvider
14.05.2025 23:27:15.312 [main] INFO   o.h.v.i.util.Version - HV000001: Hibernate Validator 8.0.1.Final
14.05.2025 23:27:15.323 [main] DEBUG  o.h.v.i.x.c.ValidationXmlParser - Trying to load META-INF/validation.xml for XML based Validator configuration.
14.05.2025 23:27:15.325 [main] DEBUG  o.h.v.i.x.c.ResourceLoaderHelper - Trying to load META-INF/validation.xml via TCCL
14.05.2025 23:27:15.326 [main] DEBUG  o.h.v.i.x.c.ResourceLoaderHelper - Trying to load META-INF/validation.xml via Hibernate Validator's class loader
14.05.2025 23:27:15.326 [main] DEBUG  o.h.v.i.x.c.ValidationXmlParser - No META-INF/validation.xml found. Using annotation based configuration only.
14.05.2025 23:27:15.331 [main] DEBUG  o.h.v.i.e.r.TraversableResolvers - Cannot find jakarta.persistence.Persistence on classpath. Assuming non JPA 2 environment. All properties will per default be traversable.
14.05.2025 23:27:15.372 [main] DEBUG  o.h.v.m.ResourceBundleMessageInterpolator - Loaded expression factory via original TCCL
14.05.2025 23:27:15.527 [main] DEBUG  o.h.v.i.e.ValidatorFactoryConfigurationHelper - HV000252: Using org.hibernate.validator.internal.engine.DefaultPropertyNodeNameProvider as property node name provider.
14.05.2025 23:27:15.538 [main] DEBUG  o.h.v.i.e.ValidatorFactoryConfigurationHelper - HV000234: Using org.hibernate.validator.messageinterpolation.ResourceBundleMessageInterpolator as ValidatorFactory-scoped message interpolator.
14.05.2025 23:27:15.539 [main] DEBUG  o.h.v.i.e.ValidatorFactoryConfigurationHelper - HV000234: Using org.hibernate.validator.internal.engine.resolver.TraverseAllTraversableResolver as ValidatorFactory-scoped traversable resolver.
14.05.2025 23:27:15.539 [main] DEBUG  o.h.v.i.e.ValidatorFactoryConfigurationHelper - HV000234: Using org.hibernate.validator.internal.util.ExecutableParameterNameProvider as ValidatorFactory-scoped parameter name provider.
14.05.2025 23:27:15.540 [main] DEBUG  o.h.v.i.e.ValidatorFactoryConfigurationHelper - HV000234: Using org.hibernate.validator.internal.engine.DefaultClockProvider as ValidatorFactory-scoped clock provider.
14.05.2025 23:27:15.540 [main] DEBUG  o.h.v.i.e.ValidatorFactoryConfigurationHelper - HV000234: Using org.hibernate.validator.internal.engine.scripting.DefaultScriptEvaluatorFactory as ValidatorFactory-scoped script evaluator factory.
14.05.2025 23:27:15.576 [main] INFO   server.Server - Сервер запущен на порту 5505
14.05.2025 23:43:40.054 [main] DEBUG  org.jboss.logging - Logging Provider: org.jboss.logging.Slf4jLoggerProvider
14.05.2025 23:43:40.058 [main] INFO   o.h.v.i.util.Version - HV000001: Hibernate Validator 8.0.1.Final
14.05.2025 23:43:40.072 [main] DEBUG  o.h.v.i.x.c.ValidationXmlParser - Trying to load META-INF/validation.xml for XML based Validator configuration.
14.05.2025 23:43:40.074 [main] DEBUG  o.h.v.i.x.c.ResourceLoaderHelper - Trying to load META-INF/validation.xml via TCCL
14.05.2025 23:43:40.075 [main] DEBUG  o.h.v.i.x.c.ResourceLoaderHelper - Trying to load META-INF/validation.xml via Hibernate Validator's class loader
14.05.2025 23:43:40.076 [main] DEBUG  o.h.v.i.x.c.ValidationXmlParser - No META-INF/validation.xml found. Using annotation based configuration only.
14.05.2025 23:43:40.081 [main] DEBUG  o.h.v.i.e.r.TraversableResolvers - Cannot find jakarta.persistence.Persistence on classpath. Assuming non JPA 2 environment. All properties will per default be traversable.
14.05.2025 23:43:40.118 [main] DEBUG  o.h.v.m.ResourceBundleMessageInterpolator - Loaded expression factory via original TCCL
14.05.2025 23:43:40.311 [main] DEBUG  o.h.v.i.e.ValidatorFactoryConfigurationHelper - HV000252: Using org.hibernate.validator.internal.engine.DefaultPropertyNodeNameProvider as property node name provider.
14.05.2025 23:43:40.318 [main] DEBUG  o.h.v.i.e.ValidatorFactoryConfigurationHelper - HV000234: Using org.hibernate.validator.messageinterpolation.ResourceBundleMessageInterpolator as ValidatorFactory-scoped message interpolator.
14.05.2025 23:43:40.318 [main] DEBUG  o.h.v.i.e.ValidatorFactoryConfigurationHelper - HV000234: Using org.hibernate.validator.internal.engine.resolver.TraverseAllTraversableResolver as ValidatorFactory-scoped traversable resolver.
14.05.2025 23:43:40.319 [main] DEBUG  o.h.v.i.e.ValidatorFactoryConfigurationHelper - HV000234: Using org.hibernate.validator.internal.util.ExecutableParameterNameProvider as ValidatorFactory-scoped parameter name provider.
14.05.2025 23:43:40.319 [main] DEBUG  o.h.v.i.e.ValidatorFactoryConfigurationHelper - HV000234: Using org.hibernate.validator.internal.engine.DefaultClockProvider as ValidatorFactory-scoped clock provider.
14.05.2025 23:43:40.319 [main] DEBUG  o.h.v.i.e.ValidatorFactoryConfigurationHelper - HV000234: Using org.hibernate.validator.internal.engine.scripting.DefaultScriptEvaluatorFactory as ValidatorFactory-scoped script evaluator factory.
14.05.2025 23:43:40.361 [main] INFO   server.Server - Сервер запущен на порту 5505
