09.05.2025 00:52:21.048 [main] DEBUG  org.jboss.logging - Logging Provider: org.jboss.logging.Slf4jLoggerProvider
09.05.2025 00:52:21.104 [main] INFO   o.h.v.i.util.Version - HV000001: Hibernate Validator 8.0.1.Final
09.05.2025 00:52:21.141 [main] DEBUG  o.h.v.i.x.c.ValidationXmlParser - Trying to load META-INF/validation.xml for XML based Validator configuration.
09.05.2025 00:52:21.148 [main] DEBUG  o.h.v.i.x.c.ResourceLoaderHelper - Trying to load META-INF/validation.xml via TCCL
09.05.2025 00:52:21.151 [main] DEBUG  o.h.v.i.x.c.ResourceLoaderHelper - Trying to load META-INF/validation.xml via Hibernate Validator's class loader
09.05.2025 00:52:21.152 [main] DEBUG  o.h.v.i.x.c.ValidationXmlParser - No META-INF/validation.xml found. Using annotation based configuration only.
09.05.2025 00:52:21.179 [main] DEBUG  o.h.v.i.e.r.TraversableResolvers - Cannot find jakarta.persistence.Persistence on classpath. Assuming non JPA 2 environment. All properties will per default be traversable.
09.05.2025 00:52:21.305 [main] DEBUG  o.h.v.m.ResourceBundleMessageInterpolator - Loaded expression factory via original TCCL
09.05.2025 00:52:21.826 [main] DEBUG  o.h.v.i.e.ValidatorFactoryConfigurationHelper - HV000252: Using org.hibernate.validator.internal.engine.DefaultPropertyNodeNameProvider as property node name provider.
09.05.2025 00:52:21.853 [main] DEBUG  o.h.v.i.e.ValidatorFactoryConfigurationHelper - HV000234: Using org.hibernate.validator.messageinterpolation.ResourceBundleMessageInterpolator as ValidatorFactory-scoped message interpolator.
09.05.2025 00:52:21.853 [main] DEBUG  o.h.v.i.e.ValidatorFactoryConfigurationHelper - HV000234: Using org.hibernate.validator.internal.engine.resolver.TraverseAllTraversableResolver as ValidatorFactory-scoped traversable resolver.
09.05.2025 00:52:21.853 [main] DEBUG  o.h.v.i.e.ValidatorFactoryConfigurationHelper - HV000234: Using org.hibernate.validator.internal.util.ExecutableParameterNameProvider as ValidatorFactory-scoped parameter name provider.
09.05.2025 00:52:21.853 [main] DEBUG  o.h.v.i.e.ValidatorFactoryConfigurationHelper - HV000234: Using org.hibernate.validator.internal.engine.DefaultClockProvider as ValidatorFactory-scoped clock provider.
09.05.2025 00:52:21.854 [main] DEBUG  o.h.v.i.e.ValidatorFactoryConfigurationHelper - HV000234: Using org.hibernate.validator.internal.engine.scripting.DefaultScriptEvaluatorFactory as ValidatorFactory-scoped script evaluator factory.
09.05.2025 00:52:23.188 [main] INFO   m.CollectionManager - Загружено 1 новых элементов
09.05.2025 00:52:23.215 [main] INFO   server.Server - Сервер запущен на порту 5505
09.05.2025 00:52:23.233 [main] INFO   server.Server - Установлено соединение с клиентом /127.0.0.1:63209
09.05.2025 00:55:16.511 [main] DEBUG  org.jboss.logging - Logging Provider: org.jboss.logging.Slf4jLoggerProvider
09.05.2025 00:55:16.557 [main] INFO   o.h.v.i.util.Version - HV000001: Hibernate Validator 8.0.1.Final
09.05.2025 00:55:16.723 [main] DEBUG  o.h.v.i.x.c.ValidationXmlParser - Trying to load META-INF/validation.xml for XML based Validator configuration.
09.05.2025 00:55:16.732 [main] DEBUG  o.h.v.i.x.c.ResourceLoaderHelper - Trying to load META-INF/validation.xml via TCCL
09.05.2025 00:55:16.735 [main] DEBUG  o.h.v.i.x.c.ResourceLoaderHelper - Trying to load META-INF/validation.xml via Hibernate Validator's class loader
09.05.2025 00:55:16.736 [main] DEBUG  o.h.v.i.x.c.ValidationXmlParser - No META-INF/validation.xml found. Using annotation based configuration only.
09.05.2025 00:55:16.782 [main] DEBUG  o.h.v.i.e.r.TraversableResolvers - Cannot find jakarta.persistence.Persistence on classpath. Assuming non JPA 2 environment. All properties will per default be traversable.
09.05.2025 00:55:17.036 [main] DEBUG  o.h.v.m.ResourceBundleMessageInterpolator - Loaded expression factory via original TCCL
09.05.2025 00:55:17.675 [main] DEBUG  o.h.v.i.e.ValidatorFactoryConfigurationHelper - HV000252: Using org.hibernate.validator.internal.engine.DefaultPropertyNodeNameProvider as property node name provider.
09.05.2025 00:55:17.700 [main] DEBUG  o.h.v.i.e.ValidatorFactoryConfigurationHelper - HV000234: Using org.hibernate.validator.messageinterpolation.ResourceBundleMessageInterpolator as ValidatorFactory-scoped message interpolator.
09.05.2025 00:55:17.702 [main] DEBUG  o.h.v.i.e.ValidatorFactoryConfigurationHelper - HV000234: Using org.hibernate.validator.internal.engine.resolver.TraverseAllTraversableResolver as ValidatorFactory-scoped traversable resolver.
09.05.2025 00:55:17.702 [main] DEBUG  o.h.v.i.e.ValidatorFactoryConfigurationHelper - HV000234: Using org.hibernate.validator.internal.util.ExecutableParameterNameProvider as ValidatorFactory-scoped parameter name provider.
09.05.2025 00:55:17.702 [main] DEBUG  o.h.v.i.e.ValidatorFactoryConfigurationHelper - HV000234: Using org.hibernate.validator.internal.engine.DefaultClockProvider as ValidatorFactory-scoped clock provider.
09.05.2025 00:55:17.703 [main] DEBUG  o.h.v.i.e.ValidatorFactoryConfigurationHelper - HV000234: Using org.hibernate.validator.internal.engine.scripting.DefaultScriptEvaluatorFactory as ValidatorFactory-scoped script evaluator factory.
09.05.2025 00:55:19.771 [main] INFO   m.CollectionManager - Загружено 1 новых элементов
09.05.2025 00:55:19.827 [main] INFO   server.Server - Сервер запущен на порту 5505
09.05.2025 00:55:28.331 [main] INFO   server.Server - Установлено соединение с клиентом /127.0.0.1:49745
09.05.2025 01:00:19.666 [Thread-1] ERROR  server.Server - IO Ошибка: null
09.05.2025 01:00:19.678 [main] INFO   server.Server - Установлено соединение с клиентом /127.0.0.1:57510
09.05.2025 01:00:19.698 [main] ERROR  server.Server - Ошибка создания потоков ввода/вывода: null
09.05.2025 01:00:19.700 [main] INFO   server.Server - Установлено соединение с клиентом /127.0.0.1:57511
09.05.2025 01:00:19.729 [main] ERROR  server.Server - Ошибка создания потоков ввода/вывода: Connection reset
09.05.2025 01:00:51.574 [main] DEBUG  org.jboss.logging - Logging Provider: org.jboss.logging.Slf4jLoggerProvider
09.05.2025 01:00:51.579 [main] INFO   o.h.v.i.util.Version - HV000001: Hibernate Validator 8.0.1.Final
09.05.2025 01:00:51.600 [main] DEBUG  o.h.v.i.x.c.ValidationXmlParser - Trying to load META-INF/validation.xml for XML based Validator configuration.
09.05.2025 01:00:51.603 [main] DEBUG  o.h.v.i.x.c.ResourceLoaderHelper - Trying to load META-INF/validation.xml via TCCL
09.05.2025 01:00:51.604 [main] DEBUG  o.h.v.i.x.c.ResourceLoaderHelper - Trying to load META-INF/validation.xml via Hibernate Validator's class loader
09.05.2025 01:00:51.606 [main] DEBUG  o.h.v.i.x.c.ValidationXmlParser - No META-INF/validation.xml found. Using annotation based configuration only.
09.05.2025 01:00:51.621 [main] DEBUG  o.h.v.i.e.r.TraversableResolvers - Cannot find jakarta.persistence.Persistence on classpath. Assuming non JPA 2 environment. All properties will per default be traversable.
09.05.2025 01:00:51.705 [main] DEBUG  o.h.v.m.ResourceBundleMessageInterpolator - Loaded expression factory via original TCCL
09.05.2025 01:00:52.382 [main] DEBUG  o.h.v.i.e.ValidatorFactoryConfigurationHelper - HV000252: Using org.hibernate.validator.internal.engine.DefaultPropertyNodeNameProvider as property node name provider.
09.05.2025 01:00:52.403 [main] DEBUG  o.h.v.i.e.ValidatorFactoryConfigurationHelper - HV000234: Using org.hibernate.validator.messageinterpolation.ResourceBundleMessageInterpolator as ValidatorFactory-scoped message interpolator.
09.05.2025 01:00:52.404 [main] DEBUG  o.h.v.i.e.ValidatorFactoryConfigurationHelper - HV000234: Using org.hibernate.validator.internal.engine.resolver.TraverseAllTraversableResolver as ValidatorFactory-scoped traversable resolver.
09.05.2025 01:00:52.404 [main] DEBUG  o.h.v.i.e.ValidatorFactoryConfigurationHelper - HV000234: Using org.hibernate.validator.internal.util.ExecutableParameterNameProvider as ValidatorFactory-scoped parameter name provider.
09.05.2025 01:00:52.405 [main] DEBUG  o.h.v.i.e.ValidatorFactoryConfigurationHelper - HV000234: Using org.hibernate.validator.internal.engine.DefaultClockProvider as ValidatorFactory-scoped clock provider.
09.05.2025 01:00:52.406 [main] DEBUG  o.h.v.i.e.ValidatorFactoryConfigurationHelper - HV000234: Using org.hibernate.validator.internal.engine.scripting.DefaultScriptEvaluatorFactory as ValidatorFactory-scoped script evaluator factory.
09.05.2025 01:00:53.647 [main] INFO   m.CollectionManager - Загружено 1 новых элементов
09.05.2025 01:00:53.650 [main] INFO   server.Server - Сервер запущен на порту 5505
09.05.2025 01:00:53.818 [main] INFO   server.Server - Установлено соединение с клиентом /127.0.0.1:62670
09.05.2025 01:06:13.304 [Thread-1] ERROR  server.Server - IO Ошибка: null
09.05.2025 01:06:13.311 [main] INFO   server.Server - Установлено соединение с клиентом /127.0.0.1:49298
09.05.2025 01:06:18.111 [main] ERROR  server.Server - Ошибка создания потоков ввода/вывода: null
09.05.2025 01:06:18.112 [main] INFO   server.Server - Установлено соединение с клиентом /127.0.0.1:49303
09.05.2025 01:06:22.056 [main] ERROR  server.Server - Ошибка создания потоков ввода/вывода: null
09.05.2025 01:06:22.060 [main] INFO   server.Server - Установлено соединение с клиентом /127.0.0.1:49304
09.05.2025 01:06:22.065 [main] ERROR  server.Server - Ошибка создания потоков ввода/вывода: null
09.05.2025 01:06:22.069 [main] INFO   server.Server - Установлено соединение с клиентом /127.0.0.1:49305
09.05.2025 01:06:22.322 [main] ERROR  server.Server - Ошибка создания потоков ввода/вывода: Connection reset
09.05.2025 01:06:32.875 [main] INFO   server.Server - Установлено соединение с клиентом /127.0.0.1:49308
09.05.2025 01:06:39.435 [Thread-6] INFO   server.Server - Клиент /127.0.0.1:49308 отключился от сервера
09.05.2025 01:06:39.436 [main] INFO   server.Server - Установлено соединение с клиентом /127.0.0.1:49310
09.05.2025 01:06:39.437 [main] ERROR  server.Server - Ошибка создания потоков ввода/вывода: null
09.05.2025 01:06:39.439 [main] INFO   server.Server - Установлено соединение с клиентом /127.0.0.1:49311
09.05.2025 01:06:39.442 [main] ERROR  server.Server - Ошибка создания потоков ввода/вывода: null
09.05.2025 01:06:39.444 [main] INFO   server.Server - Установлено соединение с клиентом /127.0.0.1:49312
09.05.2025 01:06:39.446 [main] ERROR  server.Server - Ошибка создания потоков ввода/вывода: null
09.05.2025 01:06:39.447 [main] INFO   server.Server - Установлено соединение с клиентом /127.0.0.1:49313
09.05.2025 01:06:39.578 [Thread-6] INFO   server.Server - Файл сохранен
09.05.2025 01:22:40.640 [main] ERROR  server.Server - Ошибка создания потоков ввода/вывода: Connection reset
09.05.2025 01:22:51.000 [main] INFO   server.Server - Установлено соединение с клиентом /127.0.0.1:49399
09.05.2025 01:22:54.422 [Thread-11] INFO   server.Server - Клиент /127.0.0.1:49399 отключился от сервера
09.05.2025 01:22:54.423 [main] INFO   server.Server - Установлено соединение с клиентом /127.0.0.1:49401
09.05.2025 01:22:54.431 [main] ERROR  server.Server - Ошибка создания потоков ввода/вывода: null
09.05.2025 01:22:54.433 [main] INFO   server.Server - Установлено соединение с клиентом /127.0.0.1:49402
09.05.2025 01:22:54.440 [main] ERROR  server.Server - Ошибка создания потоков ввода/вывода: null
09.05.2025 01:22:54.443 [main] INFO   server.Server - Установлено соединение с клиентом /127.0.0.1:49403
09.05.2025 01:22:54.446 [main] ERROR  server.Server - Ошибка создания потоков ввода/вывода: null
09.05.2025 01:22:54.451 [main] INFO   server.Server - Установлено соединение с клиентом /127.0.0.1:49404
09.05.2025 01:22:54.459 [Thread-11] INFO   server.Server - Файл сохранен
09.05.2025 01:23:47.934 [main] DEBUG  org.jboss.logging - Logging Provider: org.jboss.logging.Slf4jLoggerProvider
09.05.2025 01:23:47.938 [main] INFO   o.h.v.i.util.Version - HV000001: Hibernate Validator 8.0.1.Final
09.05.2025 01:23:47.958 [main] DEBUG  o.h.v.i.x.c.ValidationXmlParser - Trying to load META-INF/validation.xml for XML based Validator configuration.
09.05.2025 01:23:47.963 [main] DEBUG  o.h.v.i.x.c.ResourceLoaderHelper - Trying to load META-INF/validation.xml via TCCL
09.05.2025 01:23:47.966 [main] DEBUG  o.h.v.i.x.c.ResourceLoaderHelper - Trying to load META-INF/validation.xml via Hibernate Validator's class loader
09.05.2025 01:23:47.967 [main] DEBUG  o.h.v.i.x.c.ValidationXmlParser - No META-INF/validation.xml found. Using annotation based configuration only.
09.05.2025 01:23:47.980 [main] DEBUG  o.h.v.i.e.r.TraversableResolvers - Cannot find jakarta.persistence.Persistence on classpath. Assuming non JPA 2 environment. All properties will per default be traversable.
09.05.2025 01:23:48.061 [main] DEBUG  o.h.v.m.ResourceBundleMessageInterpolator - Loaded expression factory via original TCCL
09.05.2025 01:23:48.475 [main] DEBUG  o.h.v.i.e.ValidatorFactoryConfigurationHelper - HV000252: Using org.hibernate.validator.internal.engine.DefaultPropertyNodeNameProvider as property node name provider.
09.05.2025 01:23:48.491 [main] DEBUG  o.h.v.i.e.ValidatorFactoryConfigurationHelper - HV000234: Using org.hibernate.validator.messageinterpolation.ResourceBundleMessageInterpolator as ValidatorFactory-scoped message interpolator.
09.05.2025 01:23:48.493 [main] DEBUG  o.h.v.i.e.ValidatorFactoryConfigurationHelper - HV000234: Using org.hibernate.validator.internal.engine.resolver.TraverseAllTraversableResolver as ValidatorFactory-scoped traversable resolver.
09.05.2025 01:23:48.494 [main] DEBUG  o.h.v.i.e.ValidatorFactoryConfigurationHelper - HV000234: Using org.hibernate.validator.internal.util.ExecutableParameterNameProvider as ValidatorFactory-scoped parameter name provider.
09.05.2025 01:23:48.494 [main] DEBUG  o.h.v.i.e.ValidatorFactoryConfigurationHelper - HV000234: Using org.hibernate.validator.internal.engine.DefaultClockProvider as ValidatorFactory-scoped clock provider.
09.05.2025 01:23:48.495 [main] DEBUG  o.h.v.i.e.ValidatorFactoryConfigurationHelper - HV000234: Using org.hibernate.validator.internal.engine.scripting.DefaultScriptEvaluatorFactory as ValidatorFactory-scoped script evaluator factory.
09.05.2025 01:23:49.535 [main] INFO   m.CollectionManager - Загружено 1 новых элементов
09.05.2025 01:23:49.539 [main] INFO   server.Server - Сервер запущен на порту 5505
09.05.2025 01:23:55.298 [main] INFO   server.Server - Установлено соединение с клиентом /127.0.0.1:49414
09.05.2025 01:24:00.437 [main] INFO   server.Server - Установлено соединение с клиентом /127.0.0.1:49416
09.05.2025 01:24:00.439 [main] ERROR  server.Server - Ошибка создания потоков ввода/вывода: null
09.05.2025 01:24:00.441 [main] INFO   server.Server - Установлено соединение с клиентом /127.0.0.1:49417
09.05.2025 01:24:00.442 [main] ERROR  server.Server - Ошибка создания потоков ввода/вывода: null
09.05.2025 01:24:00.445 [main] INFO   server.Server - Установлено соединение с клиентом /127.0.0.1:49418
09.05.2025 01:24:00.447 [main] ERROR  server.Server - Ошибка создания потоков ввода/вывода: null
09.05.2025 01:24:00.449 [main] INFO   server.Server - Установлено соединение с клиентом /127.0.0.1:49419
09.05.2025 01:24:00.545 [Thread-1] INFO   server.Server - Клиент /127.0.0.1:49414 отключился от сервера
09.05.2025 01:24:00.770 [Thread-1] INFO   server.Server - Файл сохранен
09.05.2025 01:24:00.773 [Thread-1] ERROR  server.Server - Ошибка закрытия соединения: Socket closed
09.05.2025 01:36:10.158 [main] ERROR  server.Server - Ошибка создания потоков ввода/вывода: Connection reset
09.05.2025 01:36:20.625 [main] INFO   server.Server - Установлено соединение с клиентом /127.0.0.1:49501
09.05.2025 01:53:08.675 [Thread-6] INFO   server.Server - Клиент /127.0.0.1:49501 отключился от сервера
09.05.2025 01:53:08.760 [Thread-6] INFO   server.Server - Файл сохранен
09.05.2025 01:53:19.104 [main] INFO   server.Server - Установлено соединение с клиентом /127.0.0.1:49586
09.05.2025 01:56:41.089 [main] DEBUG  org.jboss.logging - Logging Provider: org.jboss.logging.Slf4jLoggerProvider
09.05.2025 01:56:41.097 [main] INFO   o.h.v.i.util.Version - HV000001: Hibernate Validator 8.0.1.Final
09.05.2025 01:56:41.119 [main] DEBUG  o.h.v.i.x.c.ValidationXmlParser - Trying to load META-INF/validation.xml for XML based Validator configuration.
09.05.2025 01:56:41.127 [main] DEBUG  o.h.v.i.x.c.ResourceLoaderHelper - Trying to load META-INF/validation.xml via TCCL
09.05.2025 01:56:41.131 [main] DEBUG  o.h.v.i.x.c.ResourceLoaderHelper - Trying to load META-INF/validation.xml via Hibernate Validator's class loader
09.05.2025 01:56:41.132 [main] DEBUG  o.h.v.i.x.c.ValidationXmlParser - No META-INF/validation.xml found. Using annotation based configuration only.
09.05.2025 01:56:41.146 [main] DEBUG  o.h.v.i.e.r.TraversableResolvers - Cannot find jakarta.persistence.Persistence on classpath. Assuming non JPA 2 environment. All properties will per default be traversable.
09.05.2025 01:56:41.238 [main] DEBUG  o.h.v.m.ResourceBundleMessageInterpolator - Loaded expression factory via original TCCL
09.05.2025 01:56:41.605 [main] DEBUG  o.h.v.i.e.ValidatorFactoryConfigurationHelper - HV000252: Using org.hibernate.validator.internal.engine.DefaultPropertyNodeNameProvider as property node name provider.
09.05.2025 01:56:41.620 [main] DEBUG  o.h.v.i.e.ValidatorFactoryConfigurationHelper - HV000234: Using org.hibernate.validator.messageinterpolation.ResourceBundleMessageInterpolator as ValidatorFactory-scoped message interpolator.
09.05.2025 01:56:41.620 [main] DEBUG  o.h.v.i.e.ValidatorFactoryConfigurationHelper - HV000234: Using org.hibernate.validator.internal.engine.resolver.TraverseAllTraversableResolver as ValidatorFactory-scoped traversable resolver.
09.05.2025 01:56:41.621 [main] DEBUG  o.h.v.i.e.ValidatorFactoryConfigurationHelper - HV000234: Using org.hibernate.validator.internal.util.ExecutableParameterNameProvider as ValidatorFactory-scoped parameter name provider.
09.05.2025 01:56:41.621 [main] DEBUG  o.h.v.i.e.ValidatorFactoryConfigurationHelper - HV000234: Using org.hibernate.validator.internal.engine.DefaultClockProvider as ValidatorFactory-scoped clock provider.
09.05.2025 01:56:41.622 [main] DEBUG  o.h.v.i.e.ValidatorFactoryConfigurationHelper - HV000234: Using org.hibernate.validator.internal.engine.scripting.DefaultScriptEvaluatorFactory as ValidatorFactory-scoped script evaluator factory.
09.05.2025 01:56:42.426 [main] INFO   m.CollectionManager - Загружено 1 новых элементов
09.05.2025 01:56:42.428 [main] INFO   server.Server - Сервер запущен на порту 5505
09.05.2025 01:56:47.664 [main] INFO   server.Server - Установлено соединение с клиентом /127.0.0.1:49627
09.05.2025 01:56:53.042 [Thread-1] ERROR  server.Server - IO Ошибка: invalid type code: AC
09.05.2025 01:58:34.808 [main] INFO   server.Server - Установлено соединение с клиентом /127.0.0.1:49637
09.05.2025 02:03:59.137 [Thread-2] INFO   server.Server - Клиент /127.0.0.1:49637 отключился от сервера
09.05.2025 02:03:59.482 [Thread-2] INFO   server.Server - Файл сохранен
09.05.2025 02:04:07.955 [main] INFO   server.Server - Установлено соединение с клиентом /127.0.0.1:49699
09.05.2025 02:04:10.963 [Thread-3] INFO   server.Server - Клиент /127.0.0.1:49699 отключился от сервера
09.05.2025 02:04:10.964 [main] INFO   server.Server - Установлено соединение с клиентом /127.0.0.1:49701
09.05.2025 02:04:10.966 [main] ERROR  server.Server - Ошибка создания потоков ввода/вывода: null
09.05.2025 02:04:10.967 [main] INFO   server.Server - Установлено соединение с клиентом /127.0.0.1:49702
09.05.2025 02:04:10.970 [main] ERROR  server.Server - Ошибка создания потоков ввода/вывода: null
09.05.2025 02:04:10.972 [main] INFO   server.Server - Установлено соединение с клиентом /127.0.0.1:49703
09.05.2025 02:04:10.975 [main] ERROR  server.Server - Ошибка создания потоков ввода/вывода: null
09.05.2025 02:04:10.976 [main] INFO   server.Server - Установлено соединение с клиентом /127.0.0.1:49704
09.05.2025 02:04:11.001 [Thread-3] INFO   server.Server - Файл сохранен
09.05.2025 02:08:53.649 [main] DEBUG  org.jboss.logging - Logging Provider: org.jboss.logging.Slf4jLoggerProvider
09.05.2025 02:08:53.655 [main] INFO   o.h.v.i.util.Version - HV000001: Hibernate Validator 8.0.1.Final
09.05.2025 02:08:53.676 [main] DEBUG  o.h.v.i.x.c.ValidationXmlParser - Trying to load META-INF/validation.xml for XML based Validator configuration.
09.05.2025 02:08:53.678 [main] DEBUG  o.h.v.i.x.c.ResourceLoaderHelper - Trying to load META-INF/validation.xml via TCCL
09.05.2025 02:08:53.681 [main] DEBUG  o.h.v.i.x.c.ResourceLoaderHelper - Trying to load META-INF/validation.xml via Hibernate Validator's class loader
09.05.2025 02:08:53.682 [main] DEBUG  o.h.v.i.x.c.ValidationXmlParser - No META-INF/validation.xml found. Using annotation based configuration only.
09.05.2025 02:08:53.692 [main] DEBUG  o.h.v.i.e.r.TraversableResolvers - Cannot find jakarta.persistence.Persistence on classpath. Assuming non JPA 2 environment. All properties will per default be traversable.
09.05.2025 02:08:53.757 [main] DEBUG  o.h.v.m.ResourceBundleMessageInterpolator - Loaded expression factory via original TCCL
09.05.2025 02:08:54.102 [main] DEBUG  o.h.v.i.e.ValidatorFactoryConfigurationHelper - HV000252: Using org.hibernate.validator.internal.engine.DefaultPropertyNodeNameProvider as property node name provider.
09.05.2025 02:08:54.117 [main] DEBUG  o.h.v.i.e.ValidatorFactoryConfigurationHelper - HV000234: Using org.hibernate.validator.messageinterpolation.ResourceBundleMessageInterpolator as ValidatorFactory-scoped message interpolator.
09.05.2025 02:08:54.118 [main] DEBUG  o.h.v.i.e.ValidatorFactoryConfigurationHelper - HV000234: Using org.hibernate.validator.internal.engine.resolver.TraverseAllTraversableResolver as ValidatorFactory-scoped traversable resolver.
09.05.2025 02:08:54.118 [main] DEBUG  o.h.v.i.e.ValidatorFactoryConfigurationHelper - HV000234: Using org.hibernate.validator.internal.util.ExecutableParameterNameProvider as ValidatorFactory-scoped parameter name provider.
09.05.2025 02:08:54.118 [main] DEBUG  o.h.v.i.e.ValidatorFactoryConfigurationHelper - HV000234: Using org.hibernate.validator.internal.engine.DefaultClockProvider as ValidatorFactory-scoped clock provider.
09.05.2025 02:08:54.118 [main] DEBUG  o.h.v.i.e.ValidatorFactoryConfigurationHelper - HV000234: Using org.hibernate.validator.internal.engine.scripting.DefaultScriptEvaluatorFactory as ValidatorFactory-scoped script evaluator factory.
09.05.2025 02:08:54.861 [main] INFO   m.CollectionManager - Загружено 1 новых элементов
09.05.2025 02:08:54.865 [main] INFO   server.Server - Сервер запущен на порту 5505
09.05.2025 02:08:57.405 [main] INFO   server.Server - Установлено соединение с клиентом /127.0.0.1:49748
09.05.2025 02:08:59.816 [Thread-1] ERROR  server.Server - IO Ошибка: null
09.05.2025 02:08:59.817 [main] INFO   server.Server - Установлено соединение с клиентом /127.0.0.1:49749
09.05.2025 02:09:21.677 [main] ERROR  server.Server - Ошибка создания потоков ввода/вывода: Connection reset
09.05.2025 02:09:26.380 [main] INFO   server.Server - Установлено соединение с клиентом /127.0.0.1:49762
09.05.2025 02:40:54.915 [Thread-3] ERROR  server.Server - IO Ошибка: null
09.05.2025 02:40:54.925 [main] INFO   server.Server - Установлено соединение с клиентом /127.0.0.1:49899
09.05.2025 02:41:17.763 [main] DEBUG  org.jboss.logging - Logging Provider: org.jboss.logging.Slf4jLoggerProvider
09.05.2025 02:41:17.773 [main] INFO   o.h.v.i.util.Version - HV000001: Hibernate Validator 8.0.1.Final
09.05.2025 02:41:17.793 [main] DEBUG  o.h.v.i.x.c.ValidationXmlParser - Trying to load META-INF/validation.xml for XML based Validator configuration.
09.05.2025 02:41:17.796 [main] DEBUG  o.h.v.i.x.c.ResourceLoaderHelper - Trying to load META-INF/validation.xml via TCCL
09.05.2025 02:41:17.802 [main] DEBUG  o.h.v.i.x.c.ResourceLoaderHelper - Trying to load META-INF/validation.xml via Hibernate Validator's class loader
09.05.2025 02:41:17.803 [main] DEBUG  o.h.v.i.x.c.ValidationXmlParser - No META-INF/validation.xml found. Using annotation based configuration only.
09.05.2025 02:41:17.815 [main] DEBUG  o.h.v.i.e.r.TraversableResolvers - Cannot find jakarta.persistence.Persistence on classpath. Assuming non JPA 2 environment. All properties will per default be traversable.
09.05.2025 02:41:17.888 [main] DEBUG  o.h.v.m.ResourceBundleMessageInterpolator - Loaded expression factory via original TCCL
09.05.2025 02:41:18.510 [main] DEBUG  o.h.v.i.e.ValidatorFactoryConfigurationHelper - HV000252: Using org.hibernate.validator.internal.engine.DefaultPropertyNodeNameProvider as property node name provider.
09.05.2025 02:41:18.527 [main] DEBUG  o.h.v.i.e.ValidatorFactoryConfigurationHelper - HV000234: Using org.hibernate.validator.messageinterpolation.ResourceBundleMessageInterpolator as ValidatorFactory-scoped message interpolator.
09.05.2025 02:41:18.528 [main] DEBUG  o.h.v.i.e.ValidatorFactoryConfigurationHelper - HV000234: Using org.hibernate.validator.internal.engine.resolver.TraverseAllTraversableResolver as ValidatorFactory-scoped traversable resolver.
09.05.2025 02:41:18.528 [main] DEBUG  o.h.v.i.e.ValidatorFactoryConfigurationHelper - HV000234: Using org.hibernate.validator.internal.util.ExecutableParameterNameProvider as ValidatorFactory-scoped parameter name provider.
09.05.2025 02:41:18.530 [main] DEBUG  o.h.v.i.e.ValidatorFactoryConfigurationHelper - HV000234: Using org.hibernate.validator.internal.engine.DefaultClockProvider as ValidatorFactory-scoped clock provider.
09.05.2025 02:41:18.530 [main] DEBUG  o.h.v.i.e.ValidatorFactoryConfigurationHelper - HV000234: Using org.hibernate.validator.internal.engine.scripting.DefaultScriptEvaluatorFactory as ValidatorFactory-scoped script evaluator factory.
09.05.2025 02:41:19.387 [main] INFO   m.CollectionManager - Загружено 1 новых элементов
09.05.2025 02:41:19.390 [main] INFO   server.Server - Сервер запущен на порту 5505
09.05.2025 02:41:30.246 [main] INFO   server.Server - Установлено соединение с клиентом /127.0.0.1:49905
09.05.2025 02:41:55.133 [Thread-1] ERROR  server.Server - IO Ошибка: invalid type code: AC
09.05.2025 02:41:55.150 [main] INFO   server.Server - Установлено соединение с клиентом /127.0.0.1:49907
09.05.2025 02:42:05.066 [main] ERROR  server.Server - Ошибка создания потоков ввода/вывода: Connection reset
09.05.2025 02:42:08.674 [main] INFO   server.Server - Установлено соединение с клиентом /127.0.0.1:49910
09.05.2025 02:44:17.497 [Thread-3] ERROR  server.Server - IO Ошибка: invalid type code: AC
09.05.2025 02:44:17.509 [main] INFO   server.Server - Установлено соединение с клиентом /127.0.0.1:49919
09.05.2025 02:45:31.524 [main] ERROR  server.Server - Ошибка создания потоков ввода/вывода: Connection reset
09.05.2025 02:45:35.358 [main] INFO   server.Server - Установлено соединение с клиентом /127.0.0.1:49928
09.05.2025 02:45:46.934 [Thread-5] ERROR  server.Server - IO Ошибка: invalid type code: AC
09.05.2025 02:45:46.946 [main] INFO   server.Server - Установлено соединение с клиентом /127.0.0.1:49930
09.05.2025 02:48:27.233 [main] DEBUG  org.jboss.logging - Logging Provider: org.jboss.logging.Slf4jLoggerProvider
09.05.2025 02:48:27.241 [main] INFO   o.h.v.i.util.Version - HV000001: Hibernate Validator 8.0.1.Final
09.05.2025 02:48:27.263 [main] DEBUG  o.h.v.i.x.c.ValidationXmlParser - Trying to load META-INF/validation.xml for XML based Validator configuration.
09.05.2025 02:48:27.267 [main] DEBUG  o.h.v.i.x.c.ResourceLoaderHelper - Trying to load META-INF/validation.xml via TCCL
09.05.2025 02:48:27.269 [main] DEBUG  o.h.v.i.x.c.ResourceLoaderHelper - Trying to load META-INF/validation.xml via Hibernate Validator's class loader
09.05.2025 02:48:27.270 [main] DEBUG  o.h.v.i.x.c.ValidationXmlParser - No META-INF/validation.xml found. Using annotation based configuration only.
09.05.2025 02:48:27.287 [main] DEBUG  o.h.v.i.e.r.TraversableResolvers - Cannot find jakarta.persistence.Persistence on classpath. Assuming non JPA 2 environment. All properties will per default be traversable.
09.05.2025 02:48:27.439 [main] DEBUG  o.h.v.m.ResourceBundleMessageInterpolator - Loaded expression factory via original TCCL
09.05.2025 02:48:27.868 [main] DEBUG  o.h.v.i.e.ValidatorFactoryConfigurationHelper - HV000252: Using org.hibernate.validator.internal.engine.DefaultPropertyNodeNameProvider as property node name provider.
09.05.2025 02:48:27.900 [main] DEBUG  o.h.v.i.e.ValidatorFactoryConfigurationHelper - HV000234: Using org.hibernate.validator.messageinterpolation.ResourceBundleMessageInterpolator as ValidatorFactory-scoped message interpolator.
09.05.2025 02:48:27.900 [main] DEBUG  o.h.v.i.e.ValidatorFactoryConfigurationHelper - HV000234: Using org.hibernate.validator.internal.engine.resolver.TraverseAllTraversableResolver as ValidatorFactory-scoped traversable resolver.
09.05.2025 02:48:27.900 [main] DEBUG  o.h.v.i.e.ValidatorFactoryConfigurationHelper - HV000234: Using org.hibernate.validator.internal.util.ExecutableParameterNameProvider as ValidatorFactory-scoped parameter name provider.
09.05.2025 02:48:27.901 [main] DEBUG  o.h.v.i.e.ValidatorFactoryConfigurationHelper - HV000234: Using org.hibernate.validator.internal.engine.DefaultClockProvider as ValidatorFactory-scoped clock provider.
09.05.2025 02:48:27.902 [main] DEBUG  o.h.v.i.e.ValidatorFactoryConfigurationHelper - HV000234: Using org.hibernate.validator.internal.engine.scripting.DefaultScriptEvaluatorFactory as ValidatorFactory-scoped script evaluator factory.
09.05.2025 02:48:29.798 [main] INFO   m.CollectionManager - Загружено 1 новых элементов
09.05.2025 02:48:29.874 [main] INFO   server.Server - Сервер запущен на порту 5505
09.05.2025 02:48:31.633 [main] INFO   server.Server - Установлено соединение с клиентом /127.0.0.1:49986
09.05.2025 02:50:25.864 [main] DEBUG  org.jboss.logging - Logging Provider: org.jboss.logging.Slf4jLoggerProvider
09.05.2025 02:50:25.906 [main] INFO   o.h.v.i.util.Version - HV000001: Hibernate Validator 8.0.1.Final
09.05.2025 02:50:26.071 [main] DEBUG  o.h.v.i.x.c.ValidationXmlParser - Trying to load META-INF/validation.xml for XML based Validator configuration.
09.05.2025 02:50:26.080 [main] DEBUG  o.h.v.i.x.c.ResourceLoaderHelper - Trying to load META-INF/validation.xml via TCCL
09.05.2025 02:50:26.083 [main] DEBUG  o.h.v.i.x.c.ResourceLoaderHelper - Trying to load META-INF/validation.xml via Hibernate Validator's class loader
09.05.2025 02:50:26.085 [main] DEBUG  o.h.v.i.x.c.ValidationXmlParser - No META-INF/validation.xml found. Using annotation based configuration only.
09.05.2025 02:50:26.133 [main] DEBUG  o.h.v.i.e.r.TraversableResolvers - Cannot find jakarta.persistence.Persistence on classpath. Assuming non JPA 2 environment. All properties will per default be traversable.
09.05.2025 02:50:26.316 [main] DEBUG  o.h.v.m.ResourceBundleMessageInterpolator - Loaded expression factory via original TCCL
09.05.2025 02:50:27.730 [main] DEBUG  o.h.v.i.e.ValidatorFactoryConfigurationHelper - HV000252: Using org.hibernate.validator.internal.engine.DefaultPropertyNodeNameProvider as property node name provider.
09.05.2025 02:50:27.769 [main] DEBUG  o.h.v.i.e.ValidatorFactoryConfigurationHelper - HV000234: Using org.hibernate.validator.messageinterpolation.ResourceBundleMessageInterpolator as ValidatorFactory-scoped message interpolator.
09.05.2025 02:50:27.769 [main] DEBUG  o.h.v.i.e.ValidatorFactoryConfigurationHelper - HV000234: Using org.hibernate.validator.internal.engine.resolver.TraverseAllTraversableResolver as ValidatorFactory-scoped traversable resolver.
09.05.2025 02:50:27.769 [main] DEBUG  o.h.v.i.e.ValidatorFactoryConfigurationHelper - HV000234: Using org.hibernate.validator.internal.util.ExecutableParameterNameProvider as ValidatorFactory-scoped parameter name provider.
09.05.2025 02:50:27.770 [main] DEBUG  o.h.v.i.e.ValidatorFactoryConfigurationHelper - HV000234: Using org.hibernate.validator.internal.engine.DefaultClockProvider as ValidatorFactory-scoped clock provider.
09.05.2025 02:50:27.770 [main] DEBUG  o.h.v.i.e.ValidatorFactoryConfigurationHelper - HV000234: Using org.hibernate.validator.internal.engine.scripting.DefaultScriptEvaluatorFactory as ValidatorFactory-scoped script evaluator factory.
09.05.2025 02:50:31.429 [main] INFO   m.CollectionManager - Загружено 1 новых элементов
09.05.2025 02:50:31.638 [main] INFO   server.Server - Сервер запущен на порту 5505
09.05.2025 02:50:32.507 [main] INFO   server.Server - Установлено соединение с клиентом /127.0.0.1:50060
09.05.2025 02:50:33.736 [main] ERROR  server.Server - Ошибка создания потоков ввода/вывода: Connection reset
09.05.2025 02:51:12.776 [main] INFO   server.Server - Установлено соединение с клиентом /127.0.0.1:50075
09.05.2025 02:54:48.584 [main] DEBUG  org.jboss.logging - Logging Provider: org.jboss.logging.Slf4jLoggerProvider
09.05.2025 02:54:48.589 [main] INFO   o.h.v.i.util.Version - HV000001: Hibernate Validator 8.0.1.Final
09.05.2025 02:54:48.611 [main] DEBUG  o.h.v.i.x.c.ValidationXmlParser - Trying to load META-INF/validation.xml for XML based Validator configuration.
09.05.2025 02:54:48.615 [main] DEBUG  o.h.v.i.x.c.ResourceLoaderHelper - Trying to load META-INF/validation.xml via TCCL
09.05.2025 02:54:48.617 [main] DEBUG  o.h.v.i.x.c.ResourceLoaderHelper - Trying to load META-INF/validation.xml via Hibernate Validator's class loader
09.05.2025 02:54:48.617 [main] DEBUG  o.h.v.i.x.c.ValidationXmlParser - No META-INF/validation.xml found. Using annotation based configuration only.
09.05.2025 02:54:48.630 [main] DEBUG  o.h.v.i.e.r.TraversableResolvers - Cannot find jakarta.persistence.Persistence on classpath. Assuming non JPA 2 environment. All properties will per default be traversable.
09.05.2025 02:54:48.719 [main] DEBUG  o.h.v.m.ResourceBundleMessageInterpolator - Loaded expression factory via original TCCL
09.05.2025 02:54:49.259 [main] DEBUG  o.h.v.i.e.ValidatorFactoryConfigurationHelper - HV000252: Using org.hibernate.validator.internal.engine.DefaultPropertyNodeNameProvider as property node name provider.
09.05.2025 02:54:49.281 [main] DEBUG  o.h.v.i.e.ValidatorFactoryConfigurationHelper - HV000234: Using org.hibernate.validator.messageinterpolation.ResourceBundleMessageInterpolator as ValidatorFactory-scoped message interpolator.
09.05.2025 02:54:49.281 [main] DEBUG  o.h.v.i.e.ValidatorFactoryConfigurationHelper - HV000234: Using org.hibernate.validator.internal.engine.resolver.TraverseAllTraversableResolver as ValidatorFactory-scoped traversable resolver.
09.05.2025 02:54:49.281 [main] DEBUG  o.h.v.i.e.ValidatorFactoryConfigurationHelper - HV000234: Using org.hibernate.validator.internal.util.ExecutableParameterNameProvider as ValidatorFactory-scoped parameter name provider.
09.05.2025 02:54:49.281 [main] DEBUG  o.h.v.i.e.ValidatorFactoryConfigurationHelper - HV000234: Using org.hibernate.validator.internal.engine.DefaultClockProvider as ValidatorFactory-scoped clock provider.
09.05.2025 02:54:49.281 [main] DEBUG  o.h.v.i.e.ValidatorFactoryConfigurationHelper - HV000234: Using org.hibernate.validator.internal.engine.scripting.DefaultScriptEvaluatorFactory as ValidatorFactory-scoped script evaluator factory.
09.05.2025 02:54:50.135 [main] INFO   m.CollectionManager - Загружено 1 новых элементов
09.05.2025 02:54:50.138 [main] INFO   server.Server - Сервер запущен на порту 5505
09.05.2025 02:54:59.469 [main] INFO   server.Server - Установлено соединение с клиентом /127.0.0.1:50093
09.05.2025 02:55:14.441 [Thread-1] ERROR  server.Server - IO Ошибка: invalid type code: AC
09.05.2025 02:55:14.447 [main] INFO   server.Server - Установлено соединение с клиентом /127.0.0.1:50097
09.05.2025 03:16:05.347 [main] DEBUG  org.jboss.logging - Logging Provider: org.jboss.logging.Slf4jLoggerProvider
09.05.2025 03:16:05.352 [main] INFO   o.h.v.i.util.Version - HV000001: Hibernate Validator 8.0.1.Final
09.05.2025 03:16:05.375 [main] DEBUG  o.h.v.i.x.c.ValidationXmlParser - Trying to load META-INF/validation.xml for XML based Validator configuration.
09.05.2025 03:16:05.378 [main] DEBUG  o.h.v.i.x.c.ResourceLoaderHelper - Trying to load META-INF/validation.xml via TCCL
09.05.2025 03:16:05.380 [main] DEBUG  o.h.v.i.x.c.ResourceLoaderHelper - Trying to load META-INF/validation.xml via Hibernate Validator's class loader
09.05.2025 03:16:05.382 [main] DEBUG  o.h.v.i.x.c.ValidationXmlParser - No META-INF/validation.xml found. Using annotation based configuration only.
09.05.2025 03:16:05.392 [main] DEBUG  o.h.v.i.e.r.TraversableResolvers - Cannot find jakarta.persistence.Persistence on classpath. Assuming non JPA 2 environment. All properties will per default be traversable.
09.05.2025 03:16:05.470 [main] DEBUG  o.h.v.m.ResourceBundleMessageInterpolator - Loaded expression factory via original TCCL
09.05.2025 03:16:05.805 [main] DEBUG  o.h.v.i.e.ValidatorFactoryConfigurationHelper - HV000252: Using org.hibernate.validator.internal.engine.DefaultPropertyNodeNameProvider as property node name provider.
09.05.2025 03:16:05.822 [main] DEBUG  o.h.v.i.e.ValidatorFactoryConfigurationHelper - HV000234: Using org.hibernate.validator.messageinterpolation.ResourceBundleMessageInterpolator as ValidatorFactory-scoped message interpolator.
09.05.2025 03:16:05.822 [main] DEBUG  o.h.v.i.e.ValidatorFactoryConfigurationHelper - HV000234: Using org.hibernate.validator.internal.engine.resolver.TraverseAllTraversableResolver as ValidatorFactory-scoped traversable resolver.
09.05.2025 03:16:05.822 [main] DEBUG  o.h.v.i.e.ValidatorFactoryConfigurationHelper - HV000234: Using org.hibernate.validator.internal.util.ExecutableParameterNameProvider as ValidatorFactory-scoped parameter name provider.
09.05.2025 03:16:05.823 [main] DEBUG  o.h.v.i.e.ValidatorFactoryConfigurationHelper - HV000234: Using org.hibernate.validator.internal.engine.DefaultClockProvider as ValidatorFactory-scoped clock provider.
09.05.2025 03:16:05.824 [main] DEBUG  o.h.v.i.e.ValidatorFactoryConfigurationHelper - HV000234: Using org.hibernate.validator.internal.engine.scripting.DefaultScriptEvaluatorFactory as ValidatorFactory-scoped script evaluator factory.
09.05.2025 03:16:06.590 [main] INFO   m.CollectionManager - Загружено 1 новых элементов
09.05.2025 03:16:06.594 [main] INFO   server.Server - Сервер запущен на порту 5505
09.05.2025 03:16:08.927 [main] INFO   server.Server - Установлено соединение с клиентом /127.0.0.1:50268
09.05.2025 03:16:45.378 [Thread-1] INFO   server.Server - Клиент /127.0.0.1:50268 отключился от сервера
09.05.2025 03:16:45.392 [Thread-1] INFO   server.Server - Файл сохранен
09.05.2025 10:30:01.119 [main] DEBUG  org.jboss.logging - Logging Provider: org.jboss.logging.Slf4jLoggerProvider
09.05.2025 10:30:01.124 [main] INFO   o.h.v.i.util.Version - HV000001: Hibernate Validator 8.0.1.Final
09.05.2025 10:30:01.146 [main] DEBUG  o.h.v.i.x.c.ValidationXmlParser - Trying to load META-INF/validation.xml for XML based Validator configuration.
09.05.2025 10:30:01.151 [main] DEBUG  o.h.v.i.x.c.ResourceLoaderHelper - Trying to load META-INF/validation.xml via TCCL
09.05.2025 10:30:01.167 [main] DEBUG  o.h.v.i.x.c.ResourceLoaderHelper - Trying to load META-INF/validation.xml via Hibernate Validator's class loader
09.05.2025 10:30:01.172 [main] DEBUG  o.h.v.i.x.c.ValidationXmlParser - No META-INF/validation.xml found. Using annotation based configuration only.
09.05.2025 10:30:01.194 [main] DEBUG  o.h.v.i.e.r.TraversableResolvers - Cannot find jakarta.persistence.Persistence on classpath. Assuming non JPA 2 environment. All properties will per default be traversable.
09.05.2025 10:30:01.248 [main] DEBUG  o.h.v.m.ResourceBundleMessageInterpolator - Loaded expression factory via original TCCL
09.05.2025 10:30:01.947 [main] DEBUG  o.h.v.i.e.ValidatorFactoryConfigurationHelper - HV000252: Using org.hibernate.validator.internal.engine.DefaultPropertyNodeNameProvider as property node name provider.
09.05.2025 10:30:01.968 [main] DEBUG  o.h.v.i.e.ValidatorFactoryConfigurationHelper - HV000234: Using org.hibernate.validator.messageinterpolation.ResourceBundleMessageInterpolator as ValidatorFactory-scoped message interpolator.
09.05.2025 10:30:01.969 [main] DEBUG  o.h.v.i.e.ValidatorFactoryConfigurationHelper - HV000234: Using org.hibernate.validator.internal.engine.resolver.TraverseAllTraversableResolver as ValidatorFactory-scoped traversable resolver.
09.05.2025 10:30:01.969 [main] DEBUG  o.h.v.i.e.ValidatorFactoryConfigurationHelper - HV000234: Using org.hibernate.validator.internal.util.ExecutableParameterNameProvider as ValidatorFactory-scoped parameter name provider.
09.05.2025 10:30:01.969 [main] DEBUG  o.h.v.i.e.ValidatorFactoryConfigurationHelper - HV000234: Using org.hibernate.validator.internal.engine.DefaultClockProvider as ValidatorFactory-scoped clock provider.
09.05.2025 10:30:01.969 [main] DEBUG  o.h.v.i.e.ValidatorFactoryConfigurationHelper - HV000234: Using org.hibernate.validator.internal.engine.scripting.DefaultScriptEvaluatorFactory as ValidatorFactory-scoped script evaluator factory.
09.05.2025 10:30:02.064 [main] INFO   server.Server - Сервер запущен на порту 5505
09.05.2025 10:30:05.841 [Thread-0] INFO   server.Server - Файл сохранен
