26.04.2025 05:55:36.609 [main] DEBUG  org.jboss.logging - Logging Provider: org.jboss.logging.Slf4jLoggerProvider
26.04.2025 05:55:36.612 [main] INFO   o.h.v.i.util.Version - HV000001: Hibernate Validator 8.0.1.Final
26.04.2025 05:55:36.622 [main] DEBUG  o.h.v.i.x.c.ValidationXmlParser - Trying to load META-INF/validation.xml for XML based Validator configuration.
26.04.2025 05:55:36.625 [main] DEBUG  o.h.v.i.x.c.ResourceLoaderHelper - Trying to load META-INF/validation.xml via TCCL
26.04.2025 05:55:36.626 [main] DEBUG  o.h.v.i.x.c.ResourceLoaderHelper - Trying to load META-INF/validation.xml via Hibernate Validator's class loader
26.04.2025 05:55:36.630 [main] DEBUG  o.h.v.i.x.c.ValidationXmlParser - No META-INF/validation.xml found. Using annotation based configuration only.
26.04.2025 05:55:36.636 [main] DEBUG  o.h.v.i.e.r.TraversableResolvers - Cannot find jakarta.persistence.Persistence on classpath. Assuming non JPA 2 environment. All properties will per default be traversable.
26.04.2025 05:55:36.683 [main] DEBUG  o.h.v.m.ResourceBundleMessageInterpolator - Loaded expression factory via original TCCL
26.04.2025 05:55:36.844 [main] DEBUG  o.h.v.i.e.ValidatorFactoryConfigurationHelper - HV000252: Using org.hibernate.validator.internal.engine.DefaultPropertyNodeNameProvider as property node name provider.
26.04.2025 05:55:36.856 [main] DEBUG  o.h.v.i.e.ValidatorFactoryConfigurationHelper - HV000234: Using org.hibernate.validator.messageinterpolation.ResourceBundleMessageInterpolator as ValidatorFactory-scoped message interpolator.
26.04.2025 05:55:36.856 [main] DEBUG  o.h.v.i.e.ValidatorFactoryConfigurationHelper - HV000234: Using org.hibernate.validator.internal.engine.resolver.TraverseAllTraversableResolver as ValidatorFactory-scoped traversable resolver.
26.04.2025 05:55:36.856 [main] DEBUG  o.h.v.i.e.ValidatorFactoryConfigurationHelper - HV000234: Using org.hibernate.validator.internal.util.ExecutableParameterNameProvider as ValidatorFactory-scoped parameter name provider.
26.04.2025 05:55:36.856 [main] DEBUG  o.h.v.i.e.ValidatorFactoryConfigurationHelper - HV000234: Using org.hibernate.validator.internal.engine.DefaultClockProvider as ValidatorFactory-scoped clock provider.
26.04.2025 05:55:36.856 [main] DEBUG  o.h.v.i.e.ValidatorFactoryConfigurationHelper - HV000234: Using org.hibernate.validator.internal.engine.scripting.DefaultScriptEvaluatorFactory as ValidatorFactory-scoped script evaluator factory.
26.04.2025 05:55:37.221 [main] INFO   m.CollectionManager - Загружено 2 новых элементов
26.04.2025 05:55:37.293 [main] INFO   server.Server - Селектор открыт
26.04.2025 05:55:37.294 [main] INFO   server.Server - Канал сервера готов к работе
26.04.2025 05:55:37.296 [main] INFO   server.Server - Итератор по ключам селектора получен
26.04.2025 06:00:05.154 [main] DEBUG  org.jboss.logging - Logging Provider: org.jboss.logging.Slf4jLoggerProvider
26.04.2025 06:00:05.157 [main] INFO   o.h.v.i.util.Version - HV000001: Hibernate Validator 8.0.1.Final
26.04.2025 06:00:05.167 [main] DEBUG  o.h.v.i.x.c.ValidationXmlParser - Trying to load META-INF/validation.xml for XML based Validator configuration.
26.04.2025 06:00:05.168 [main] DEBUG  o.h.v.i.x.c.ResourceLoaderHelper - Trying to load META-INF/validation.xml via TCCL
26.04.2025 06:00:05.169 [main] DEBUG  o.h.v.i.x.c.ResourceLoaderHelper - Trying to load META-INF/validation.xml via Hibernate Validator's class loader
26.04.2025 06:00:05.170 [main] DEBUG  o.h.v.i.x.c.ValidationXmlParser - No META-INF/validation.xml found. Using annotation based configuration only.
26.04.2025 06:00:05.175 [main] DEBUG  o.h.v.i.e.r.TraversableResolvers - Cannot find jakarta.persistence.Persistence on classpath. Assuming non JPA 2 environment. All properties will per default be traversable.
26.04.2025 06:00:05.216 [main] DEBUG  o.h.v.m.ResourceBundleMessageInterpolator - Loaded expression factory via original TCCL
26.04.2025 06:00:05.366 [main] DEBUG  o.h.v.i.e.ValidatorFactoryConfigurationHelper - HV000252: Using org.hibernate.validator.internal.engine.DefaultPropertyNodeNameProvider as property node name provider.
26.04.2025 06:00:05.374 [main] DEBUG  o.h.v.i.e.ValidatorFactoryConfigurationHelper - HV000234: Using org.hibernate.validator.messageinterpolation.ResourceBundleMessageInterpolator as ValidatorFactory-scoped message interpolator.
26.04.2025 06:00:05.374 [main] DEBUG  o.h.v.i.e.ValidatorFactoryConfigurationHelper - HV000234: Using org.hibernate.validator.internal.engine.resolver.TraverseAllTraversableResolver as ValidatorFactory-scoped traversable resolver.
26.04.2025 06:00:05.374 [main] DEBUG  o.h.v.i.e.ValidatorFactoryConfigurationHelper - HV000234: Using org.hibernate.validator.internal.util.ExecutableParameterNameProvider as ValidatorFactory-scoped parameter name provider.
26.04.2025 06:00:05.374 [main] DEBUG  o.h.v.i.e.ValidatorFactoryConfigurationHelper - HV000234: Using org.hibernate.validator.internal.engine.DefaultClockProvider as ValidatorFactory-scoped clock provider.
26.04.2025 06:00:05.374 [main] DEBUG  o.h.v.i.e.ValidatorFactoryConfigurationHelper - HV000234: Using org.hibernate.validator.internal.engine.scripting.DefaultScriptEvaluatorFactory as ValidatorFactory-scoped script evaluator factory.
26.04.2025 06:00:05.671 [main] INFO   m.CollectionManager - Загружено 2 новых элементов
26.04.2025 06:00:05.705 [main] INFO   server.Server - Селектор открыт
26.04.2025 06:00:05.706 [main] INFO   server.Server - Канал сервера готов к работе
26.04.2025 06:00:05.706 [main] INFO   server.Server - Итератор по ключам селектора получен
26.04.2025 06:00:16.434 [main] INFO   server.Server - Файл сохранен
26.04.2025 06:00:26.093 [main] INFO   server.Server - Файл сохранен
26.04.2025 06:09:49.701 [main] DEBUG  org.jboss.logging - Logging Provider: org.jboss.logging.Slf4jLoggerProvider
26.04.2025 06:09:49.704 [main] INFO   o.h.v.i.util.Version - HV000001: Hibernate Validator 8.0.1.Final
26.04.2025 06:09:49.717 [main] DEBUG  o.h.v.i.x.c.ValidationXmlParser - Trying to load META-INF/validation.xml for XML based Validator configuration.
26.04.2025 06:09:49.719 [main] DEBUG  o.h.v.i.x.c.ResourceLoaderHelper - Trying to load META-INF/validation.xml via TCCL
26.04.2025 06:09:49.720 [main] DEBUG  o.h.v.i.x.c.ResourceLoaderHelper - Trying to load META-INF/validation.xml via Hibernate Validator's class loader
26.04.2025 06:09:49.721 [main] DEBUG  o.h.v.i.x.c.ValidationXmlParser - No META-INF/validation.xml found. Using annotation based configuration only.
26.04.2025 06:09:49.728 [main] DEBUG  o.h.v.i.e.r.TraversableResolvers - Cannot find jakarta.persistence.Persistence on classpath. Assuming non JPA 2 environment. All properties will per default be traversable.
26.04.2025 06:09:49.772 [main] DEBUG  o.h.v.m.ResourceBundleMessageInterpolator - Loaded expression factory via original TCCL
26.04.2025 06:09:49.919 [main] DEBUG  o.h.v.i.e.ValidatorFactoryConfigurationHelper - HV000252: Using org.hibernate.validator.internal.engine.DefaultPropertyNodeNameProvider as property node name provider.
26.04.2025 06:09:49.929 [main] DEBUG  o.h.v.i.e.ValidatorFactoryConfigurationHelper - HV000234: Using org.hibernate.validator.messageinterpolation.ResourceBundleMessageInterpolator as ValidatorFactory-scoped message interpolator.
26.04.2025 06:09:49.929 [main] DEBUG  o.h.v.i.e.ValidatorFactoryConfigurationHelper - HV000234: Using org.hibernate.validator.internal.engine.resolver.TraverseAllTraversableResolver as ValidatorFactory-scoped traversable resolver.
26.04.2025 06:09:49.930 [main] DEBUG  o.h.v.i.e.ValidatorFactoryConfigurationHelper - HV000234: Using org.hibernate.validator.internal.util.ExecutableParameterNameProvider as ValidatorFactory-scoped parameter name provider.
26.04.2025 06:09:49.930 [main] DEBUG  o.h.v.i.e.ValidatorFactoryConfigurationHelper - HV000234: Using org.hibernate.validator.internal.engine.DefaultClockProvider as ValidatorFactory-scoped clock provider.
26.04.2025 06:09:49.930 [main] DEBUG  o.h.v.i.e.ValidatorFactoryConfigurationHelper - HV000234: Using org.hibernate.validator.internal.engine.scripting.DefaultScriptEvaluatorFactory as ValidatorFactory-scoped script evaluator factory.
26.04.2025 06:09:50.225 [main] TRACE  o.h.v.i.e.c.SimpleConstraintTree - Validating against constraint defined by ConstraintDescriptorImpl{annotation=j.v.c.Positive, payloads=[], hasComposingConstraints=true, isReportAsSingleInvalidConstraint=false, constraintLocationKind=FIELD, definedOn=DEFINED_LOCALLY, groups=[interface jakarta.validation.groups.Default], attributes={groups=[Ljava.lang.Class;@32f0fba8, message=id должно быть больше 0, payload=[Ljava.lang.Class;@545de5a4}, constraintType=GENERIC, valueUnwrapping=DEFAULT}.
26.04.2025 06:09:50.230 [main] TRACE  o.h.v.i.e.c.SimpleConstraintTree - Validating against constraint defined by ConstraintDescriptorImpl{annotation=j.v.c.Positive, payloads=[], hasComposingConstraints=true, isReportAsSingleInvalidConstraint=false, constraintLocationKind=FIELD, definedOn=DEFINED_LOCALLY, groups=[interface jakarta.validation.groups.Default], attributes={groups=[Ljava.lang.Class;@32f0fba8, message=Salary должно быть больше 0, payload=[Ljava.lang.Class;@545de5a4}, constraintType=GENERIC, valueUnwrapping=DEFAULT}.
26.04.2025 06:09:50.232 [main] TRACE  o.h.v.i.e.c.SimpleConstraintTree - Validating against constraint defined by ConstraintDescriptorImpl{annotation=j.v.c.NotNull, payloads=[], hasComposingConstraints=true, isReportAsSingleInvalidConstraint=false, constraintLocationKind=FIELD, definedOn=DEFINED_LOCALLY, groups=[interface jakarta.validation.groups.Default], attributes={groups=[Ljava.lang.Class;@6256ac4f, message=status не может быть null, payload=[Ljava.lang.Class;@44c79f32}, constraintType=GENERIC, valueUnwrapping=DEFAULT}.
26.04.2025 06:09:50.232 [main] TRACE  o.h.v.i.e.c.SimpleConstraintTree - Validating against constraint defined by ConstraintDescriptorImpl{annotation=j.v.c.NotNull, payloads=[], hasComposingConstraints=true, isReportAsSingleInvalidConstraint=false, constraintLocationKind=FIELD, definedOn=DEFINED_LOCALLY, groups=[interface jakarta.validation.groups.Default], attributes={groups=[Ljava.lang.Class;@6256ac4f, message=startDate не может быть null, payload=[Ljava.lang.Class;@44c79f32}, constraintType=GENERIC, valueUnwrapping=DEFAULT}.
26.04.2025 06:09:50.233 [main] TRACE  o.h.v.i.e.c.SimpleConstraintTree - Validating against constraint defined by ConstraintDescriptorImpl{annotation=j.v.c.NotNull, payloads=[], hasComposingConstraints=true, isReportAsSingleInvalidConstraint=false, constraintLocationKind=FIELD, definedOn=DEFINED_LOCALLY, groups=[interface jakarta.validation.groups.Default], attributes={groups=[Ljava.lang.Class;@6256ac4f, message=coordinates не может быть null, payload=[Ljava.lang.Class;@44c79f32}, constraintType=GENERIC, valueUnwrapping=DEFAULT}.
26.04.2025 06:09:50.233 [main] TRACE  o.h.v.i.e.c.SimpleConstraintTree - Validating against constraint defined by ConstraintDescriptorImpl{annotation=j.v.c.NotEmpty, payloads=[], hasComposingConstraints=true, isReportAsSingleInvalidConstraint=false, constraintLocationKind=FIELD, definedOn=DEFINED_LOCALLY, groups=[interface jakarta.validation.groups.Default], attributes={groups=[Ljava.lang.Class;@235f4c10, message=Имя не может быть пустым, payload=[Ljava.lang.Class;@743cb8e0}, constraintType=GENERIC, valueUnwrapping=DEFAULT}.
26.04.2025 06:09:50.234 [main] TRACE  o.h.v.i.e.c.SimpleConstraintTree - Validating against constraint defined by ConstraintDescriptorImpl{annotation=j.v.c.NotNull, payloads=[], hasComposingConstraints=true, isReportAsSingleInvalidConstraint=false, constraintLocationKind=FIELD, definedOn=DEFINED_LOCALLY, groups=[interface jakarta.validation.groups.Default], attributes={groups=[Ljava.lang.Class;@6256ac4f, message=Имя не может быть null, payload=[Ljava.lang.Class;@44c79f32}, constraintType=GENERIC, valueUnwrapping=DEFAULT}.
26.04.2025 06:09:50.235 [main] TRACE  o.h.v.i.e.c.SimpleConstraintTree - Validating against constraint defined by ConstraintDescriptorImpl{annotation=j.v.c.NotNull, payloads=[], hasComposingConstraints=true, isReportAsSingleInvalidConstraint=false, constraintLocationKind=FIELD, definedOn=DEFINED_LOCALLY, groups=[interface jakarta.validation.groups.Default], attributes={groups=[Ljava.lang.Class;@6256ac4f, message=creationDate не может быть null, payload=[Ljava.lang.Class;@44c79f32}, constraintType=GENERIC, valueUnwrapping=DEFAULT}.
26.04.2025 06:09:50.235 [main] TRACE  o.h.v.i.e.c.SimpleConstraintTree - Validating against constraint defined by ConstraintDescriptorImpl{annotation=j.v.c.NotNull, payloads=[], hasComposingConstraints=true, isReportAsSingleInvalidConstraint=false, constraintLocationKind=FIELD, definedOn=DEFINED_LOCALLY, groups=[interface jakarta.validation.groups.Default], attributes={groups=[Ljava.lang.Class;@6256ac4f, message=id не может быть null, payload=[Ljava.lang.Class;@44c79f32}, constraintType=GENERIC, valueUnwrapping=DEFAULT}.
26.04.2025 06:09:50.240 [main] TRACE  o.h.v.i.e.c.SimpleConstraintTree - Validating against constraint defined by ConstraintDescriptorImpl{annotation=j.v.c.DecimalMax, payloads=[], hasComposingConstraints=true, isReportAsSingleInvalidConstraint=false, constraintLocationKind=FIELD, definedOn=DEFINED_LOCALLY, groups=[interface jakarta.validation.groups.Default], attributes={groups=[Ljava.lang.Class;@fd0e5b6, inclusive=true, message=Координата х не может быть больше 603, payload=[Ljava.lang.Class;@4eed46ee, value=603.0}, constraintType=GENERIC, valueUnwrapping=DEFAULT}.
26.04.2025 06:09:50.243 [main] TRACE  o.h.v.i.e.c.SimpleConstraintTree - Validating against constraint defined by ConstraintDescriptorImpl{annotation=j.v.c.NotNull, payloads=[], hasComposingConstraints=true, isReportAsSingleInvalidConstraint=false, constraintLocationKind=FIELD, definedOn=DEFINED_LOCALLY, groups=[interface jakarta.validation.groups.Default], attributes={groups=[Ljava.lang.Class;@6256ac4f, message=Координата у не может быть null, payload=[Ljava.lang.Class;@44c79f32}, constraintType=GENERIC, valueUnwrapping=DEFAULT}.
26.04.2025 06:09:50.246 [main] TRACE  o.h.v.i.e.c.SimpleConstraintTree - Validating against constraint defined by ConstraintDescriptorImpl{annotation=j.v.c.NotNull, payloads=[], hasComposingConstraints=true, isReportAsSingleInvalidConstraint=false, constraintLocationKind=FIELD, definedOn=DEFINED_LOCALLY, groups=[interface jakarta.validation.groups.Default], attributes={groups=[Ljava.lang.Class;@6256ac4f, message=location не может быть null, payload=[Ljava.lang.Class;@44c79f32}, constraintType=GENERIC, valueUnwrapping=DEFAULT}.
26.04.2025 06:09:50.250 [main] TRACE  o.h.v.i.e.c.SimpleConstraintTree - Validating against constraint defined by ConstraintDescriptorImpl{annotation=j.v.c.NotNull, payloads=[], hasComposingConstraints=true, isReportAsSingleInvalidConstraint=false, constraintLocationKind=FIELD, definedOn=DEFINED_LOCALLY, groups=[interface jakarta.validation.groups.Default], attributes={groups=[Ljava.lang.Class;@6256ac4f, message=Координата у не может быть null, payload=[Ljava.lang.Class;@44c79f32}, constraintType=GENERIC, valueUnwrapping=DEFAULT}.
26.04.2025 06:09:50.254 [main] TRACE  o.h.v.i.e.c.SimpleConstraintTree - Validating against constraint defined by ConstraintDescriptorImpl{annotation=j.v.c.NotNull, payloads=[], hasComposingConstraints=true, isReportAsSingleInvalidConstraint=false, constraintLocationKind=FIELD, definedOn=DEFINED_LOCALLY, groups=[interface jakarta.validation.groups.Default], attributes={groups=[Ljava.lang.Class;@6256ac4f, message=Координата x не может быть null, payload=[Ljava.lang.Class;@44c79f32}, constraintType=GENERIC, valueUnwrapping=DEFAULT}.
26.04.2025 06:09:50.254 [main] TRACE  o.h.v.i.e.c.SimpleConstraintTree - Validating against constraint defined by ConstraintDescriptorImpl{annotation=j.v.c.NotNull, payloads=[], hasComposingConstraints=true, isReportAsSingleInvalidConstraint=false, constraintLocationKind=FIELD, definedOn=DEFINED_LOCALLY, groups=[interface jakarta.validation.groups.Default], attributes={groups=[Ljava.lang.Class;@6256ac4f, message=Координата z не может быть null, payload=[Ljava.lang.Class;@44c79f32}, constraintType=GENERIC, valueUnwrapping=DEFAULT}.
26.04.2025 06:09:50.256 [main] TRACE  o.h.v.i.e.c.SimpleConstraintTree - Validating against constraint defined by ConstraintDescriptorImpl{annotation=j.v.c.Positive, payloads=[], hasComposingConstraints=true, isReportAsSingleInvalidConstraint=false, constraintLocationKind=FIELD, definedOn=DEFINED_LOCALLY, groups=[interface jakarta.validation.groups.Default], attributes={groups=[Ljava.lang.Class;@32f0fba8, message=id должно быть больше 0, payload=[Ljava.lang.Class;@545de5a4}, constraintType=GENERIC, valueUnwrapping=DEFAULT}.
26.04.2025 06:09:50.257 [main] TRACE  o.h.v.i.e.c.SimpleConstraintTree - Validating against constraint defined by ConstraintDescriptorImpl{annotation=j.v.c.Positive, payloads=[], hasComposingConstraints=true, isReportAsSingleInvalidConstraint=false, constraintLocationKind=FIELD, definedOn=DEFINED_LOCALLY, groups=[interface jakarta.validation.groups.Default], attributes={groups=[Ljava.lang.Class;@32f0fba8, message=Salary должно быть больше 0, payload=[Ljava.lang.Class;@545de5a4}, constraintType=GENERIC, valueUnwrapping=DEFAULT}.
26.04.2025 06:09:50.258 [main] TRACE  o.h.v.i.e.c.SimpleConstraintTree - Validating against constraint defined by ConstraintDescriptorImpl{annotation=j.v.c.NotNull, payloads=[], hasComposingConstraints=true, isReportAsSingleInvalidConstraint=false, constraintLocationKind=FIELD, definedOn=DEFINED_LOCALLY, groups=[interface jakarta.validation.groups.Default], attributes={groups=[Ljava.lang.Class;@6256ac4f, message=status не может быть null, payload=[Ljava.lang.Class;@44c79f32}, constraintType=GENERIC, valueUnwrapping=DEFAULT}.
26.04.2025 06:09:50.258 [main] TRACE  o.h.v.i.e.c.SimpleConstraintTree - Validating against constraint defined by ConstraintDescriptorImpl{annotation=j.v.c.NotNull, payloads=[], hasComposingConstraints=true, isReportAsSingleInvalidConstraint=false, constraintLocationKind=FIELD, definedOn=DEFINED_LOCALLY, groups=[interface jakarta.validation.groups.Default], attributes={groups=[Ljava.lang.Class;@6256ac4f, message=startDate не может быть null, payload=[Ljava.lang.Class;@44c79f32}, constraintType=GENERIC, valueUnwrapping=DEFAULT}.
26.04.2025 06:09:50.258 [main] TRACE  o.h.v.i.e.c.SimpleConstraintTree - Validating against constraint defined by ConstraintDescriptorImpl{annotation=j.v.c.NotNull, payloads=[], hasComposingConstraints=true, isReportAsSingleInvalidConstraint=false, constraintLocationKind=FIELD, definedOn=DEFINED_LOCALLY, groups=[interface jakarta.validation.groups.Default], attributes={groups=[Ljava.lang.Class;@6256ac4f, message=coordinates не может быть null, payload=[Ljava.lang.Class;@44c79f32}, constraintType=GENERIC, valueUnwrapping=DEFAULT}.
26.04.2025 06:09:50.258 [main] TRACE  o.h.v.i.e.c.SimpleConstraintTree - Validating against constraint defined by ConstraintDescriptorImpl{annotation=j.v.c.NotEmpty, payloads=[], hasComposingConstraints=true, isReportAsSingleInvalidConstraint=false, constraintLocationKind=FIELD, definedOn=DEFINED_LOCALLY, groups=[interface jakarta.validation.groups.Default], attributes={groups=[Ljava.lang.Class;@235f4c10, message=Имя не может быть пустым, payload=[Ljava.lang.Class;@743cb8e0}, constraintType=GENERIC, valueUnwrapping=DEFAULT}.
26.04.2025 06:09:50.259 [main] TRACE  o.h.v.i.e.c.SimpleConstraintTree - Validating against constraint defined by ConstraintDescriptorImpl{annotation=j.v.c.NotNull, payloads=[], hasComposingConstraints=true, isReportAsSingleInvalidConstraint=false, constraintLocationKind=FIELD, definedOn=DEFINED_LOCALLY, groups=[interface jakarta.validation.groups.Default], attributes={groups=[Ljava.lang.Class;@6256ac4f, message=Имя не может быть null, payload=[Ljava.lang.Class;@44c79f32}, constraintType=GENERIC, valueUnwrapping=DEFAULT}.
26.04.2025 06:09:50.259 [main] TRACE  o.h.v.i.e.c.SimpleConstraintTree - Validating against constraint defined by ConstraintDescriptorImpl{annotation=j.v.c.NotNull, payloads=[], hasComposingConstraints=true, isReportAsSingleInvalidConstraint=false, constraintLocationKind=FIELD, definedOn=DEFINED_LOCALLY, groups=[interface jakarta.validation.groups.Default], attributes={groups=[Ljava.lang.Class;@6256ac4f, message=creationDate не может быть null, payload=[Ljava.lang.Class;@44c79f32}, constraintType=GENERIC, valueUnwrapping=DEFAULT}.
26.04.2025 06:09:50.259 [main] TRACE  o.h.v.i.e.c.SimpleConstraintTree - Validating against constraint defined by ConstraintDescriptorImpl{annotation=j.v.c.NotNull, payloads=[], hasComposingConstraints=true, isReportAsSingleInvalidConstraint=false, constraintLocationKind=FIELD, definedOn=DEFINED_LOCALLY, groups=[interface jakarta.validation.groups.Default], attributes={groups=[Ljava.lang.Class;@6256ac4f, message=id не может быть null, payload=[Ljava.lang.Class;@44c79f32}, constraintType=GENERIC, valueUnwrapping=DEFAULT}.
26.04.2025 06:09:50.259 [main] TRACE  o.h.v.i.e.c.SimpleConstraintTree - Validating against constraint defined by ConstraintDescriptorImpl{annotation=j.v.c.DecimalMax, payloads=[], hasComposingConstraints=true, isReportAsSingleInvalidConstraint=false, constraintLocationKind=FIELD, definedOn=DEFINED_LOCALLY, groups=[interface jakarta.validation.groups.Default], attributes={groups=[Ljava.lang.Class;@fd0e5b6, inclusive=true, message=Координата х не может быть больше 603, payload=[Ljava.lang.Class;@4eed46ee, value=603.0}, constraintType=GENERIC, valueUnwrapping=DEFAULT}.
26.04.2025 06:09:50.260 [main] TRACE  o.h.v.i.e.c.SimpleConstraintTree - Validating against constraint defined by ConstraintDescriptorImpl{annotation=j.v.c.NotNull, payloads=[], hasComposingConstraints=true, isReportAsSingleInvalidConstraint=false, constraintLocationKind=FIELD, definedOn=DEFINED_LOCALLY, groups=[interface jakarta.validation.groups.Default], attributes={groups=[Ljava.lang.Class;@6256ac4f, message=Координата у не может быть null, payload=[Ljava.lang.Class;@44c79f32}, constraintType=GENERIC, valueUnwrapping=DEFAULT}.
26.04.2025 06:09:50.260 [main] TRACE  o.h.v.i.e.c.SimpleConstraintTree - Validating against constraint defined by ConstraintDescriptorImpl{annotation=j.v.c.NotNull, payloads=[], hasComposingConstraints=true, isReportAsSingleInvalidConstraint=false, constraintLocationKind=FIELD, definedOn=DEFINED_LOCALLY, groups=[interface jakarta.validation.groups.Default], attributes={groups=[Ljava.lang.Class;@6256ac4f, message=location не может быть null, payload=[Ljava.lang.Class;@44c79f32}, constraintType=GENERIC, valueUnwrapping=DEFAULT}.
26.04.2025 06:09:50.260 [main] TRACE  o.h.v.i.e.c.SimpleConstraintTree - Validating against constraint defined by ConstraintDescriptorImpl{annotation=j.v.c.NotNull, payloads=[], hasComposingConstraints=true, isReportAsSingleInvalidConstraint=false, constraintLocationKind=FIELD, definedOn=DEFINED_LOCALLY, groups=[interface jakarta.validation.groups.Default], attributes={groups=[Ljava.lang.Class;@6256ac4f, message=Координата у не может быть null, payload=[Ljava.lang.Class;@44c79f32}, constraintType=GENERIC, valueUnwrapping=DEFAULT}.
26.04.2025 06:09:50.261 [main] TRACE  o.h.v.i.e.c.SimpleConstraintTree - Validating against constraint defined by ConstraintDescriptorImpl{annotation=j.v.c.NotNull, payloads=[], hasComposingConstraints=true, isReportAsSingleInvalidConstraint=false, constraintLocationKind=FIELD, definedOn=DEFINED_LOCALLY, groups=[interface jakarta.validation.groups.Default], attributes={groups=[Ljava.lang.Class;@6256ac4f, message=Координата x не может быть null, payload=[Ljava.lang.Class;@44c79f32}, constraintType=GENERIC, valueUnwrapping=DEFAULT}.
26.04.2025 06:09:50.261 [main] TRACE  o.h.v.i.e.c.SimpleConstraintTree - Validating against constraint defined by ConstraintDescriptorImpl{annotation=j.v.c.NotNull, payloads=[], hasComposingConstraints=true, isReportAsSingleInvalidConstraint=false, constraintLocationKind=FIELD, definedOn=DEFINED_LOCALLY, groups=[interface jakarta.validation.groups.Default], attributes={groups=[Ljava.lang.Class;@6256ac4f, message=Координата z не может быть null, payload=[Ljava.lang.Class;@44c79f32}, constraintType=GENERIC, valueUnwrapping=DEFAULT}.
26.04.2025 06:09:50.263 [main] INFO   m.CollectionManager - Загружено 1 новых элементов
26.04.2025 06:09:50.295 [main] INFO   server.Server - Селектор открыт
26.04.2025 06:09:50.295 [main] INFO   server.Server - Канал сервера готов к работе
26.04.2025 06:09:50.296 [main] INFO   server.Server - Итератор по ключам селектора получен
26.04.2025 06:10:30.191 [main] INFO   o.h.v.i.util.Version - HV000001: Hibernate Validator 8.0.1.Final
26.04.2025 06:10:30.709 [main] INFO   m.CollectionManager - Загружено 1 новых элементов
26.04.2025 06:10:30.744 [main] INFO   server.Server - Селектор открыт
26.04.2025 06:10:30.744 [main] INFO   server.Server - Канал сервера готов к работе
26.04.2025 06:10:30.745 [main] INFO   server.Server - Итератор по ключам селектора получен
26.04.2025 06:18:01.258 [main] INFO   o.h.v.i.util.Version - HV000001: Hibernate Validator 8.0.1.Final
26.04.2025 06:18:01.821 [main] INFO   m.CollectionManager - Загружено 1 новых элементов
26.04.2025 06:18:01.853 [main] INFO   server.Server - Селектор открыт
26.04.2025 06:18:01.854 [main] INFO   server.Server - Канал сервера готов к работе
26.04.2025 06:18:01.856 [main] INFO   server.Server - Итератор по ключам селектора получен
26.04.2025 06:19:17.908 [main] INFO  o.h.v.i.util.Version - HV000001: Hibernate Validator 8.0.1.Final
26.04.2025 06:19:18.410 [main] INFO  m.CollectionManager - Загружено 1 новых элементов
26.04.2025 06:19:18.442 [main] INFO  server.Server - Селектор открыт
26.04.2025 06:19:18.443 [main] INFO  server.Server - Канал сервера готов к работе
26.04.2025 06:19:18.445 [main] INFO  server.Server - Итератор по ключам селектора получен
26.04.2025 06:23:29.469 [main] DEBUG  org.jboss.logging - Logging Provider: org.jboss.logging.Slf4jLoggerProvider
26.04.2025 06:23:29.473 [main] INFO   o.h.v.i.util.Version - HV000001: Hibernate Validator 8.0.1.Final
26.04.2025 06:23:29.485 [main] DEBUG  o.h.v.i.x.c.ValidationXmlParser - Trying to load META-INF/validation.xml for XML based Validator configuration.
26.04.2025 06:23:29.486 [main] DEBUG  o.h.v.i.x.c.ResourceLoaderHelper - Trying to load META-INF/validation.xml via TCCL
26.04.2025 06:23:29.487 [main] DEBUG  o.h.v.i.x.c.ResourceLoaderHelper - Trying to load META-INF/validation.xml via Hibernate Validator's class loader
26.04.2025 06:23:29.488 [main] DEBUG  o.h.v.i.x.c.ValidationXmlParser - No META-INF/validation.xml found. Using annotation based configuration only.
26.04.2025 06:23:29.494 [main] DEBUG  o.h.v.i.e.r.TraversableResolvers - Cannot find jakarta.persistence.Persistence on classpath. Assuming non JPA 2 environment. All properties will per default be traversable.
26.04.2025 06:23:29.533 [main] DEBUG  o.h.v.m.ResourceBundleMessageInterpolator - Loaded expression factory via original TCCL
26.04.2025 06:23:29.712 [main] DEBUG  o.h.v.i.e.ValidatorFactoryConfigurationHelper - HV000252: Using org.hibernate.validator.internal.engine.DefaultPropertyNodeNameProvider as property node name provider.
26.04.2025 06:23:29.720 [main] DEBUG  o.h.v.i.e.ValidatorFactoryConfigurationHelper - HV000234: Using org.hibernate.validator.messageinterpolation.ResourceBundleMessageInterpolator as ValidatorFactory-scoped message interpolator.
26.04.2025 06:23:29.721 [main] DEBUG  o.h.v.i.e.ValidatorFactoryConfigurationHelper - HV000234: Using org.hibernate.validator.internal.engine.resolver.TraverseAllTraversableResolver as ValidatorFactory-scoped traversable resolver.
26.04.2025 06:23:29.721 [main] DEBUG  o.h.v.i.e.ValidatorFactoryConfigurationHelper - HV000234: Using org.hibernate.validator.internal.util.ExecutableParameterNameProvider as ValidatorFactory-scoped parameter name provider.
26.04.2025 06:23:29.721 [main] DEBUG  o.h.v.i.e.ValidatorFactoryConfigurationHelper - HV000234: Using org.hibernate.validator.internal.engine.DefaultClockProvider as ValidatorFactory-scoped clock provider.
26.04.2025 06:23:29.721 [main] DEBUG  o.h.v.i.e.ValidatorFactoryConfigurationHelper - HV000234: Using org.hibernate.validator.internal.engine.scripting.DefaultScriptEvaluatorFactory as ValidatorFactory-scoped script evaluator factory.
26.04.2025 06:23:30.059 [main] INFO   m.CollectionManager - Загружено 1 новых элементов
26.04.2025 06:23:30.097 [main] INFO   server.Server - Селектор открыт
26.04.2025 06:23:30.097 [main] INFO   server.Server - Канал сервера готов к работе
26.04.2025 06:23:30.099 [main] INFO   server.Server - Итератор по ключам селектора получен
26.04.2025 06:23:37.360 [main] DEBUG  org.jboss.logging - Logging Provider: org.jboss.logging.Slf4jLoggerProvider
26.04.2025 06:23:37.362 [main] INFO   o.h.v.i.util.Version - HV000001: Hibernate Validator 8.0.1.Final
26.04.2025 06:23:37.372 [main] DEBUG  o.h.v.i.x.c.ValidationXmlParser - Trying to load META-INF/validation.xml for XML based Validator configuration.
26.04.2025 06:23:37.374 [main] DEBUG  o.h.v.i.x.c.ResourceLoaderHelper - Trying to load META-INF/validation.xml via TCCL
26.04.2025 06:23:37.375 [main] DEBUG  o.h.v.i.x.c.ResourceLoaderHelper - Trying to load META-INF/validation.xml via Hibernate Validator's class loader
26.04.2025 06:23:37.375 [main] DEBUG  o.h.v.i.x.c.ValidationXmlParser - No META-INF/validation.xml found. Using annotation based configuration only.
26.04.2025 06:23:37.381 [main] DEBUG  o.h.v.i.e.r.TraversableResolvers - Cannot find jakarta.persistence.Persistence on classpath. Assuming non JPA 2 environment. All properties will per default be traversable.
26.04.2025 06:23:37.424 [main] DEBUG  o.h.v.m.ResourceBundleMessageInterpolator - Loaded expression factory via original TCCL
26.04.2025 06:23:37.583 [main] DEBUG  o.h.v.i.e.ValidatorFactoryConfigurationHelper - HV000252: Using org.hibernate.validator.internal.engine.DefaultPropertyNodeNameProvider as property node name provider.
26.04.2025 06:23:37.591 [main] DEBUG  o.h.v.i.e.ValidatorFactoryConfigurationHelper - HV000234: Using org.hibernate.validator.messageinterpolation.ResourceBundleMessageInterpolator as ValidatorFactory-scoped message interpolator.
26.04.2025 06:23:37.591 [main] DEBUG  o.h.v.i.e.ValidatorFactoryConfigurationHelper - HV000234: Using org.hibernate.validator.internal.engine.resolver.TraverseAllTraversableResolver as ValidatorFactory-scoped traversable resolver.
26.04.2025 06:23:37.591 [main] DEBUG  o.h.v.i.e.ValidatorFactoryConfigurationHelper - HV000234: Using org.hibernate.validator.internal.util.ExecutableParameterNameProvider as ValidatorFactory-scoped parameter name provider.
26.04.2025 06:23:37.591 [main] DEBUG  o.h.v.i.e.ValidatorFactoryConfigurationHelper - HV000234: Using org.hibernate.validator.internal.engine.DefaultClockProvider as ValidatorFactory-scoped clock provider.
26.04.2025 06:23:37.592 [main] DEBUG  o.h.v.i.e.ValidatorFactoryConfigurationHelper - HV000234: Using org.hibernate.validator.internal.engine.scripting.DefaultScriptEvaluatorFactory as ValidatorFactory-scoped script evaluator factory.
26.04.2025 06:23:37.874 [main] INFO   m.CollectionManager - Загружено 1 новых элементов
26.04.2025 06:23:37.907 [main] INFO   server.Server - Селектор открыт
26.04.2025 06:23:37.907 [main] INFO   server.Server - Канал сервера готов к работе
26.04.2025 06:23:37.908 [main] INFO   server.Server - Итератор по ключам селектора получен
26.04.2025 06:23:51.154 [main] DEBUG  org.jboss.logging - Logging Provider: org.jboss.logging.Slf4jLoggerProvider
26.04.2025 06:23:51.158 [main] INFO   o.h.v.i.util.Version - HV000001: Hibernate Validator 8.0.1.Final
26.04.2025 06:23:51.169 [main] DEBUG  o.h.v.i.x.c.ValidationXmlParser - Trying to load META-INF/validation.xml for XML based Validator configuration.
26.04.2025 06:23:51.171 [main] DEBUG  o.h.v.i.x.c.ResourceLoaderHelper - Trying to load META-INF/validation.xml via TCCL
26.04.2025 06:23:51.172 [main] DEBUG  o.h.v.i.x.c.ResourceLoaderHelper - Trying to load META-INF/validation.xml via Hibernate Validator's class loader
26.04.2025 06:23:51.172 [main] DEBUG  o.h.v.i.x.c.ValidationXmlParser - No META-INF/validation.xml found. Using annotation based configuration only.
26.04.2025 06:23:51.180 [main] DEBUG  o.h.v.i.e.r.TraversableResolvers - Cannot find jakarta.persistence.Persistence on classpath. Assuming non JPA 2 environment. All properties will per default be traversable.
26.04.2025 06:23:51.226 [main] DEBUG  o.h.v.m.ResourceBundleMessageInterpolator - Loaded expression factory via original TCCL
26.04.2025 06:23:51.409 [main] DEBUG  o.h.v.i.e.ValidatorFactoryConfigurationHelper - HV000252: Using org.hibernate.validator.internal.engine.DefaultPropertyNodeNameProvider as property node name provider.
26.04.2025 06:23:51.417 [main] DEBUG  o.h.v.i.e.ValidatorFactoryConfigurationHelper - HV000234: Using org.hibernate.validator.messageinterpolation.ResourceBundleMessageInterpolator as ValidatorFactory-scoped message interpolator.
26.04.2025 06:23:51.417 [main] DEBUG  o.h.v.i.e.ValidatorFactoryConfigurationHelper - HV000234: Using org.hibernate.validator.internal.engine.resolver.TraverseAllTraversableResolver as ValidatorFactory-scoped traversable resolver.
26.04.2025 06:23:51.417 [main] DEBUG  o.h.v.i.e.ValidatorFactoryConfigurationHelper - HV000234: Using org.hibernate.validator.internal.util.ExecutableParameterNameProvider as ValidatorFactory-scoped parameter name provider.
26.04.2025 06:23:51.417 [main] DEBUG  o.h.v.i.e.ValidatorFactoryConfigurationHelper - HV000234: Using org.hibernate.validator.internal.engine.DefaultClockProvider as ValidatorFactory-scoped clock provider.
26.04.2025 06:23:51.417 [main] DEBUG  o.h.v.i.e.ValidatorFactoryConfigurationHelper - HV000234: Using org.hibernate.validator.internal.engine.scripting.DefaultScriptEvaluatorFactory as ValidatorFactory-scoped script evaluator factory.
26.04.2025 06:23:51.735 [main] INFO   m.CollectionManager - Загружено 1 новых элементов
26.04.2025 06:23:51.777 [main] INFO   server.Server - Селектор открыт
26.04.2025 06:23:51.777 [main] INFO   server.Server - Канал сервера готов к работе
26.04.2025 06:23:51.778 [main] INFO   server.Server - Итератор по ключам селектора получен
26.04.2025 06:25:34.021 [main] DEBUG  org.jboss.logging - Logging Provider: org.jboss.logging.Slf4jLoggerProvider
26.04.2025 06:25:34.024 [main] INFO   o.h.v.i.util.Version - HV000001: Hibernate Validator 8.0.1.Final
26.04.2025 06:25:34.034 [main] DEBUG  o.h.v.i.x.c.ValidationXmlParser - Trying to load META-INF/validation.xml for XML based Validator configuration.
26.04.2025 06:25:34.036 [main] DEBUG  o.h.v.i.x.c.ResourceLoaderHelper - Trying to load META-INF/validation.xml via TCCL
26.04.2025 06:25:34.037 [main] DEBUG  o.h.v.i.x.c.ResourceLoaderHelper - Trying to load META-INF/validation.xml via Hibernate Validator's class loader
26.04.2025 06:25:34.038 [main] DEBUG  o.h.v.i.x.c.ValidationXmlParser - No META-INF/validation.xml found. Using annotation based configuration only.
26.04.2025 06:25:34.044 [main] DEBUG  o.h.v.i.e.r.TraversableResolvers - Cannot find jakarta.persistence.Persistence on classpath. Assuming non JPA 2 environment. All properties will per default be traversable.
26.04.2025 06:25:34.087 [main] DEBUG  o.h.v.m.ResourceBundleMessageInterpolator - Loaded expression factory via original TCCL
26.04.2025 06:25:34.242 [main] DEBUG  o.h.v.i.e.ValidatorFactoryConfigurationHelper - HV000252: Using org.hibernate.validator.internal.engine.DefaultPropertyNodeNameProvider as property node name provider.
26.04.2025 06:25:34.250 [main] DEBUG  o.h.v.i.e.ValidatorFactoryConfigurationHelper - HV000234: Using org.hibernate.validator.messageinterpolation.ResourceBundleMessageInterpolator as ValidatorFactory-scoped message interpolator.
26.04.2025 06:25:34.250 [main] DEBUG  o.h.v.i.e.ValidatorFactoryConfigurationHelper - HV000234: Using org.hibernate.validator.internal.engine.resolver.TraverseAllTraversableResolver as ValidatorFactory-scoped traversable resolver.
26.04.2025 06:25:34.250 [main] DEBUG  o.h.v.i.e.ValidatorFactoryConfigurationHelper - HV000234: Using org.hibernate.validator.internal.util.ExecutableParameterNameProvider as ValidatorFactory-scoped parameter name provider.
26.04.2025 06:25:34.250 [main] DEBUG  o.h.v.i.e.ValidatorFactoryConfigurationHelper - HV000234: Using org.hibernate.validator.internal.engine.DefaultClockProvider as ValidatorFactory-scoped clock provider.
26.04.2025 06:25:34.250 [main] DEBUG  o.h.v.i.e.ValidatorFactoryConfigurationHelper - HV000234: Using org.hibernate.validator.internal.engine.scripting.DefaultScriptEvaluatorFactory as ValidatorFactory-scoped script evaluator factory.
26.04.2025 06:25:34.561 [main] INFO   m.CollectionManager - Загружено 1 новых элементов
26.04.2025 06:25:34.600 [main] INFO   server.Server - Селектор открыт
26.04.2025 06:25:34.600 [main] INFO   server.Server - Канал сервера готов к работе
26.04.2025 06:25:34.601 [main] INFO   server.Server - Итератор по ключам селектора получен
26.04.2025 06:27:35.520 [main] DEBUG  org.jboss.logging - Logging Provider: org.jboss.logging.Slf4jLoggerProvider
26.04.2025 06:27:35.524 [main] INFO   o.h.v.i.util.Version - HV000001: Hibernate Validator 8.0.1.Final
26.04.2025 06:27:35.534 [main] DEBUG  o.h.v.i.x.c.ValidationXmlParser - Trying to load META-INF/validation.xml for XML based Validator configuration.
26.04.2025 06:27:35.536 [main] DEBUG  o.h.v.i.x.c.ResourceLoaderHelper - Trying to load META-INF/validation.xml via TCCL
26.04.2025 06:27:35.537 [main] DEBUG  o.h.v.i.x.c.ResourceLoaderHelper - Trying to load META-INF/validation.xml via Hibernate Validator's class loader
26.04.2025 06:27:35.538 [main] DEBUG  o.h.v.i.x.c.ValidationXmlParser - No META-INF/validation.xml found. Using annotation based configuration only.
26.04.2025 06:27:35.543 [main] DEBUG  o.h.v.i.e.r.TraversableResolvers - Cannot find jakarta.persistence.Persistence on classpath. Assuming non JPA 2 environment. All properties will per default be traversable.
26.04.2025 06:27:35.590 [main] DEBUG  o.h.v.m.ResourceBundleMessageInterpolator - Loaded expression factory via original TCCL
26.04.2025 06:27:35.741 [main] DEBUG  o.h.v.i.e.ValidatorFactoryConfigurationHelper - HV000252: Using org.hibernate.validator.internal.engine.DefaultPropertyNodeNameProvider as property node name provider.
26.04.2025 06:27:35.747 [main] DEBUG  o.h.v.i.e.ValidatorFactoryConfigurationHelper - HV000234: Using org.hibernate.validator.messageinterpolation.ResourceBundleMessageInterpolator as ValidatorFactory-scoped message interpolator.
26.04.2025 06:27:35.748 [main] DEBUG  o.h.v.i.e.ValidatorFactoryConfigurationHelper - HV000234: Using org.hibernate.validator.internal.engine.resolver.TraverseAllTraversableResolver as ValidatorFactory-scoped traversable resolver.
26.04.2025 06:27:35.748 [main] DEBUG  o.h.v.i.e.ValidatorFactoryConfigurationHelper - HV000234: Using org.hibernate.validator.internal.util.ExecutableParameterNameProvider as ValidatorFactory-scoped parameter name provider.
26.04.2025 06:27:35.748 [main] DEBUG  o.h.v.i.e.ValidatorFactoryConfigurationHelper - HV000234: Using org.hibernate.validator.internal.engine.DefaultClockProvider as ValidatorFactory-scoped clock provider.
26.04.2025 06:27:35.748 [main] DEBUG  o.h.v.i.e.ValidatorFactoryConfigurationHelper - HV000234: Using org.hibernate.validator.internal.engine.scripting.DefaultScriptEvaluatorFactory as ValidatorFactory-scoped script evaluator factory.
26.04.2025 06:27:36.045 [main] INFO   m.CollectionManager - Загружено 1 новых элементов
26.04.2025 06:27:36.077 [main] INFO   server.Server - Селектор открыт
26.04.2025 06:27:36.078 [main] INFO   server.Server - Канал сервера готов к работе
26.04.2025 06:27:36.079 [main] INFO   server.Server - Итератор по ключам селектора получен
26.04.2025 06:30:41.317 [main] DEBUG  org.jboss.logging - Logging Provider: org.jboss.logging.Slf4jLoggerProvider
26.04.2025 06:30:41.320 [main] INFO   o.h.v.i.util.Version - HV000001: Hibernate Validator 8.0.1.Final
26.04.2025 06:30:41.331 [main] DEBUG  o.h.v.i.x.c.ValidationXmlParser - Trying to load META-INF/validation.xml for XML based Validator configuration.
26.04.2025 06:30:41.333 [main] DEBUG  o.h.v.i.x.c.ResourceLoaderHelper - Trying to load META-INF/validation.xml via TCCL
26.04.2025 06:30:41.334 [main] DEBUG  o.h.v.i.x.c.ResourceLoaderHelper - Trying to load META-INF/validation.xml via Hibernate Validator's class loader
26.04.2025 06:30:41.335 [main] DEBUG  o.h.v.i.x.c.ValidationXmlParser - No META-INF/validation.xml found. Using annotation based configuration only.
26.04.2025 06:30:41.342 [main] DEBUG  o.h.v.i.e.r.TraversableResolvers - Cannot find jakarta.persistence.Persistence on classpath. Assuming non JPA 2 environment. All properties will per default be traversable.
26.04.2025 06:30:41.396 [main] DEBUG  o.h.v.m.ResourceBundleMessageInterpolator - Loaded expression factory via original TCCL
26.04.2025 06:30:41.574 [main] DEBUG  o.h.v.i.e.ValidatorFactoryConfigurationHelper - HV000252: Using org.hibernate.validator.internal.engine.DefaultPropertyNodeNameProvider as property node name provider.
26.04.2025 06:30:41.582 [main] DEBUG  o.h.v.i.e.ValidatorFactoryConfigurationHelper - HV000234: Using org.hibernate.validator.messageinterpolation.ResourceBundleMessageInterpolator as ValidatorFactory-scoped message interpolator.
26.04.2025 06:30:41.582 [main] DEBUG  o.h.v.i.e.ValidatorFactoryConfigurationHelper - HV000234: Using org.hibernate.validator.internal.engine.resolver.TraverseAllTraversableResolver as ValidatorFactory-scoped traversable resolver.
26.04.2025 06:30:41.582 [main] DEBUG  o.h.v.i.e.ValidatorFactoryConfigurationHelper - HV000234: Using org.hibernate.validator.internal.util.ExecutableParameterNameProvider as ValidatorFactory-scoped parameter name provider.
26.04.2025 06:30:41.582 [main] DEBUG  o.h.v.i.e.ValidatorFactoryConfigurationHelper - HV000234: Using org.hibernate.validator.internal.engine.DefaultClockProvider as ValidatorFactory-scoped clock provider.
26.04.2025 06:30:41.582 [main] DEBUG  o.h.v.i.e.ValidatorFactoryConfigurationHelper - HV000234: Using org.hibernate.validator.internal.engine.scripting.DefaultScriptEvaluatorFactory as ValidatorFactory-scoped script evaluator factory.
26.04.2025 06:30:41.881 [main] INFO   m.CollectionManager - Загружено 1 новых элементов
26.04.2025 06:30:41.915 [main] INFO   server.Server - Селектор открыт
26.04.2025 06:30:41.916 [main] INFO   server.Server - Канал сервера готов к работе
26.04.2025 06:30:41.917 [main] INFO   server.Server - Итератор по ключам селектора получен
26.04.2025 06:30:46.752 [main] INFO   server.Server - Началась обработка ключа
26.04.2025 06:30:46.754 [main] INFO   server.Server - Установлено соединение c клиентом /127.0.0.1:63459
26.04.2025 06:31:03.744 [main] INFO   server.Server - Началась обработка ключа
26.04.2025 06:31:03.755 [main] INFO   server.Server - Началась обработка ключа
26.04.2025 06:31:06.630 [main] INFO   server.Server - Началась обработка ключа
26.04.2025 06:31:06.631 [main] INFO   server.Server - Клиент /127.0.0.1:63459 отключился от сервера
26.04.2025 06:31:06.705 [main] INFO   server.Server - Файл сохранен
26.04.2025 06:31:12.320 [main] INFO   server.Server - Файл сохранен
26.04.2025 06:31:49.258 [main] DEBUG  org.jboss.logging - Logging Provider: org.jboss.logging.Slf4jLoggerProvider
26.04.2025 06:31:49.262 [main] INFO   o.h.v.i.util.Version - HV000001: Hibernate Validator 8.0.1.Final
26.04.2025 06:31:49.273 [main] DEBUG  o.h.v.i.x.c.ValidationXmlParser - Trying to load META-INF/validation.xml for XML based Validator configuration.
26.04.2025 06:31:49.275 [main] DEBUG  o.h.v.i.x.c.ResourceLoaderHelper - Trying to load META-INF/validation.xml via TCCL
26.04.2025 06:31:49.276 [main] DEBUG  o.h.v.i.x.c.ResourceLoaderHelper - Trying to load META-INF/validation.xml via Hibernate Validator's class loader
26.04.2025 06:31:49.277 [main] DEBUG  o.h.v.i.x.c.ValidationXmlParser - No META-INF/validation.xml found. Using annotation based configuration only.
26.04.2025 06:31:49.282 [main] DEBUG  o.h.v.i.e.r.TraversableResolvers - Cannot find jakarta.persistence.Persistence on classpath. Assuming non JPA 2 environment. All properties will per default be traversable.
26.04.2025 06:31:49.321 [main] DEBUG  o.h.v.m.ResourceBundleMessageInterpolator - Loaded expression factory via original TCCL
26.04.2025 06:31:49.465 [main] DEBUG  o.h.v.i.e.ValidatorFactoryConfigurationHelper - HV000252: Using org.hibernate.validator.internal.engine.DefaultPropertyNodeNameProvider as property node name provider.
26.04.2025 06:31:49.472 [main] DEBUG  o.h.v.i.e.ValidatorFactoryConfigurationHelper - HV000234: Using org.hibernate.validator.messageinterpolation.ResourceBundleMessageInterpolator as ValidatorFactory-scoped message interpolator.
26.04.2025 06:31:49.472 [main] DEBUG  o.h.v.i.e.ValidatorFactoryConfigurationHelper - HV000234: Using org.hibernate.validator.internal.engine.resolver.TraverseAllTraversableResolver as ValidatorFactory-scoped traversable resolver.
26.04.2025 06:31:49.472 [main] DEBUG  o.h.v.i.e.ValidatorFactoryConfigurationHelper - HV000234: Using org.hibernate.validator.internal.util.ExecutableParameterNameProvider as ValidatorFactory-scoped parameter name provider.
26.04.2025 06:31:49.473 [main] DEBUG  o.h.v.i.e.ValidatorFactoryConfigurationHelper - HV000234: Using org.hibernate.validator.internal.engine.DefaultClockProvider as ValidatorFactory-scoped clock provider.
26.04.2025 06:31:49.473 [main] DEBUG  o.h.v.i.e.ValidatorFactoryConfigurationHelper - HV000234: Using org.hibernate.validator.internal.engine.scripting.DefaultScriptEvaluatorFactory as ValidatorFactory-scoped script evaluator factory.
26.04.2025 06:31:49.758 [main] INFO   m.CollectionManager - Загружено 2 новых элементов
26.04.2025 06:31:49.791 [main] INFO   server.Server - Селектор открыт
26.04.2025 06:31:49.792 [main] INFO   server.Server - Канал сервера готов к работе
26.04.2025 06:31:49.793 [main] INFO   server.Server - Итератор по ключам селектора получен
26.04.2025 06:33:50.039 [main] DEBUG  org.jboss.logging - Logging Provider: org.jboss.logging.Slf4jLoggerProvider
26.04.2025 06:33:50.043 [main] INFO   o.h.v.i.util.Version - HV000001: Hibernate Validator 8.0.1.Final
26.04.2025 06:33:50.052 [main] DEBUG  o.h.v.i.x.c.ValidationXmlParser - Trying to load META-INF/validation.xml for XML based Validator configuration.
26.04.2025 06:33:50.054 [main] DEBUG  o.h.v.i.x.c.ResourceLoaderHelper - Trying to load META-INF/validation.xml via TCCL
26.04.2025 06:33:50.055 [main] DEBUG  o.h.v.i.x.c.ResourceLoaderHelper - Trying to load META-INF/validation.xml via Hibernate Validator's class loader
26.04.2025 06:33:50.056 [main] DEBUG  o.h.v.i.x.c.ValidationXmlParser - No META-INF/validation.xml found. Using annotation based configuration only.
26.04.2025 06:33:50.064 [main] DEBUG  o.h.v.i.e.r.TraversableResolvers - Cannot find jakarta.persistence.Persistence on classpath. Assuming non JPA 2 environment. All properties will per default be traversable.
26.04.2025 06:33:50.105 [main] DEBUG  o.h.v.m.ResourceBundleMessageInterpolator - Loaded expression factory via original TCCL
26.04.2025 06:33:50.392 [main] DEBUG  o.h.v.i.e.ValidatorFactoryConfigurationHelper - HV000252: Using org.hibernate.validator.internal.engine.DefaultPropertyNodeNameProvider as property node name provider.
26.04.2025 06:33:50.412 [main] DEBUG  o.h.v.i.e.ValidatorFactoryConfigurationHelper - HV000234: Using org.hibernate.validator.messageinterpolation.ResourceBundleMessageInterpolator as ValidatorFactory-scoped message interpolator.
26.04.2025 06:33:50.413 [main] DEBUG  o.h.v.i.e.ValidatorFactoryConfigurationHelper - HV000234: Using org.hibernate.validator.internal.engine.resolver.TraverseAllTraversableResolver as ValidatorFactory-scoped traversable resolver.
26.04.2025 06:33:50.413 [main] DEBUG  o.h.v.i.e.ValidatorFactoryConfigurationHelper - HV000234: Using org.hibernate.validator.internal.util.ExecutableParameterNameProvider as ValidatorFactory-scoped parameter name provider.
26.04.2025 06:33:50.414 [main] DEBUG  o.h.v.i.e.ValidatorFactoryConfigurationHelper - HV000234: Using org.hibernate.validator.internal.engine.DefaultClockProvider as ValidatorFactory-scoped clock provider.
26.04.2025 06:33:50.414 [main] DEBUG  o.h.v.i.e.ValidatorFactoryConfigurationHelper - HV000234: Using org.hibernate.validator.internal.engine.scripting.DefaultScriptEvaluatorFactory as ValidatorFactory-scoped script evaluator factory.
26.04.2025 06:33:50.881 [main] INFO   m.CollectionManager - Загружено 2 новых элементов
26.04.2025 06:33:50.937 [main] INFO   server.Server - Селектор открыт
26.04.2025 06:33:50.938 [main] INFO   server.Server - Канал сервера готов к работе
26.04.2025 06:33:50.940 [main] INFO   server.Server - Итератор по ключам селектора получен
26.04.2025 06:33:54.757 [main] INFO   server.Server - Началась обработка ключа
26.04.2025 06:33:54.759 [main] INFO   server.Server - Установлено соединение c клиентом /127.0.0.1:63548
26.04.2025 06:33:58.958 [main] INFO   server.Server - Началась обработка ключа
26.04.2025 06:33:58.959 [main] INFO   server.Server - Клиент /127.0.0.1:63548 отключился от сервера
26.04.2025 06:33:59.024 [main] INFO   server.Server - Файл сохранен
